8[0mno command provided, doing auto run[2J8[0mchecking if secret key is valid[2J8[0msecret key valid, agent has 1 tunnels[2J8[0mstarting up tunnel connection[2J8[0mtunnel running[2J8[0mplayit (v0.15.26): 1741565857864 tunnel running, 1 tunnels registered


TUNNELS
van-voice.gl.joinmc.link => 127.0.0.1:25565 (minecraft-java)
[2J8[0mplayit (v0.15.26): 1741565861294 tunnel running, 1 tunnels registered


TUNNELS
van-voice.gl.joinmc.link => 127.0.0.1:25565 (minecraft-java)
[2J8[0mplayit (v0.15.26): 1741565864612 tunnel running, 1 tunnels registered


TUNNELS
van-voice.gl.joinmc.link => 127.0.0.1:25565 (minecraft-java)
[2J8[0mplayit (v0.15.26): 1741565869280 tunnel running, 1 tunnels registered


TUNNELS
van-voice.gl.joinmc.link => 127.0.0.1:25565 (minecraft-java)
[2J8[0mplayit (v0.15.26): 1741565873103 tunnel running, 1 tunnels registered


TUNNELS
van-voice.gl.joinmc.link => 127.0.0.1:25565 (minecraft-java)
[2J8[0mplayit (v0.15.26): 1741565874007 tunnel running, 1 tunnels registered


TUNNELS
van-voice.gl.joinmc.link => 127.0.0.1:25565 (minecraft-java)
[2J8[0mplayit (v0.15.26): 1741565877370 tunnel running, 1 tunnels registered


TUNNELS
van-voice.gl.joinmc.link => 127.0.0.1:25565 (minecraft-java)
[2J8[0mplayit (v0.15.26): 1741565881138 tunnel running, 1 tunnels registered


TUNNELS
van-voice.gl.joinmc.link => 127.0.0.1:25565 (minecraft-java)
[2J8[0mplayit (v0.15.26): 1741565884840 tunnel running, 1 tunnels registered


TUNNELS
van-voice.gl.joinmc.link => 127.0.0.1:25565 (minecraft-java)
[2J8[0mplayit (v0.15.26): 1741565888257 tunnel running, 1 tunnels registered


TUNNELS
van-voice.gl.joinmc.link => 127.0.0.1:25565 (minecraft-java)
[2J8[0mplayit (v0.15.26): 1741565891717 tunnel running, 1 tunnels registered


TUNNELS
van-voice.gl.joinmc.link => 127.0.0.1:25565 (minecraft-java)
[2J8[0mplayit (v0.15.26): 1741565895676 tunnel running, 1 tunnels registered


TUNNELS
van-voice.gl.joinmc.link => 127.0.0.1:25565 (minecraft-java)
[2J8[0mplayit (v0.15.26): 1741565899686 tunnel running, 1 tunnels registered


TUNNELS
van-voice.gl.joinmc.link => 127.0.0.1:25565 (minecraft-java)
[2J8[0mplayit (v0.15.26): 1741565903068 tunnel running, 1 tunnels registered


TUNNELS
van-voice.gl.joinmc.link => 127.0.0.1:25565 (minecraft-java)
[2J8[0mplayit (v0.15.26): 1741565903877 tunnel running, 1 tunnels registered


TUNNELS
van-voice.gl.joinmc.link => 127.0.0.1:25565 (minecraft-java)
[2J8[0mplayit (v0.15.26): 1741565909247 tunnel running, 1 tunnels registered


TUNNELS
van-voice.gl.joinmc.link => 127.0.0.1:25565 (minecraft-java)
[2J8[0mplayit (v0.15.26): 1741565912597 tunnel running, 1 tunnels registered


TUNNELS
van-voice.gl.joinmc.link => 127.0.0.1:25565 (minecraft-java)
[2J8[0mplayit (v0.15.26): 1741565916251 tunnel running, 1 tunnels registered


TUNNELS
van-voice.gl.joinmc.link => 127.0.0.1:25565 (minecraft-java)
[2J8[0mplayit (v0.15.26): 1741565919798 tunnel running, 1 tunnels registered


TUNNELS
van-voice.gl.joinmc.link => 127.0.0.1:25565 (minecraft-java)
[2J8[0mplayit (v0.15.26): 1741565924465 tunnel running, 1 tunnels registered


TUNNELS
van-voice.gl.joinmc.link => 127.0.0.1:25565 (minecraft-java)
[2J8[0mplayit (v0.15.26): 1741565927896 tunnel running, 1 tunnels registered


TUNNELS
van-voice.gl.joinmc.link => 127.0.0.1:25565 (minecraft-java)
[2J8[0mplayit (v0.15.26): 1741565931787 tunnel running, 1 tunnels registered


TUNNELS
van-voice.gl.joinmc.link => 127.0.0.1:25565 (minecraft-java)
[2J8[0mplayit (v0.15.26): 1741565935429 tunnel running, 1 tunnels registered


TUNNELS
van-voice.gl.joinmc.link => 127.0.0.1:25565 (minecraft-java)
[2J8[0mplayit (v0.15.26): 1741565936384 tunnel running, 1 tunnels registered


TUNNELS
van-voice.gl.joinmc.link => 127.0.0.1:25565 (minecraft-java)
[2J8[0mplayit (v0.15.26): 1741565939815 tunnel running, 1 tunnels registered


TUNNELS
van-voice.gl.joinmc.link => 127.0.0.1:25565 (minecraft-java)
[2J8[0mplayit (v0.15.26): 1741565943229 tunnel running, 1 tunnels registered


TUNNELS
van-voice.gl.joinmc.link => 127.0.0.1:25565 (minecraft-java)
[2J8[0mplayit (v0.15.26): 1741565946905 tunnel running, 1 tunnels registered


TUNNELS
van-voice.gl.joinmc.link => 127.0.0.1:25565 (minecraft-java)
[2J8[0mplayit (v0.15.26): 1741565950712 tunnel running, 1 tunnels registered


TUNNELS
van-voice.gl.joinmc.link => 127.0.0.1:25565 (minecraft-java)
[2J8[0mplayit (v0.15.26): 1741565954159 tunnel running, 1 tunnels registered


TUNNELS
van-voice.gl.joinmc.link => 127.0.0.1:25565 (minecraft-java)
[2J8[0mplayit (v0.15.26): 1741565957819 tunnel running, 1 tunnels registered


TUNNELS
van-voice.gl.joinmc.link => 127.0.0.1:25565 (minecraft-java)
[2J8[0mplayit (v0.15.26): 1741565962631 tunnel running, 1 tunnels registered


TUNNELS
van-voice.gl.joinmc.link => 127.0.0.1:25565 (minecraft-java)
[2J8[0mplayit (v0.15.26): 1741565963883 tunnel running, 1 tunnels registered


TUNNELS
van-voice.gl.joinmc.link => 127.0.0.1:25565 (minecraft-java)
[2J8[0mplayit (v0.15.26): 1741565967561 tunnel running, 1 tunnels registered


TUNNELS
van-voice.gl.joinmc.link => 127.0.0.1:25565 (minecraft-java)
[2J8[0mplayit (v0.15.26): 1741565971069 tunnel running, 1 tunnels registered


TUNNELS
van-voice.gl.joinmc.link => 127.0.0.1:25565 (minecraft-java)
[2J8[0mplayit (v0.15.26): 1741565974891 tunnel running, 1 tunnels registered


TUNNELS
van-voice.gl.joinmc.link => 127.0.0.1:25565 (minecraft-java)
[2J8[0mplayit (v0.15.26): 1741565978465 tunnel running, 1 tunnels registered


TUNNELS
van-voice.gl.joinmc.link => 127.0.0.1:25565 (minecraft-java)
[2J8[0mplayit (v0.15.26): 1741565981830 tunnel running, 1 tunnels registered


TUNNELS
van-voice.gl.joinmc.link => 127.0.0.1:25565 (minecraft-java)
[2J8[0mplayit (v0.15.26): 1741565985232 tunnel running, 1 tunnels registered


TUNNELS
van-voice.gl.joinmc.link => 127.0.0.1:25565 (minecraft-java)
[2J8[0mplayit (v0.15.26): 1741565988793 tunnel running, 1 tunnels registered


TUNNELS
van-voice.gl.joinmc.link => 127.0.0.1:25565 (minecraft-java)
[2J8[0mplayit (v0.15.26): 1741565993789 tunnel running, 1 tunnels registered


TUNNELS
van-voice.gl.joinmc.link => 127.0.0.1:25565 (minecraft-java)
[2J8[0mplayit (v0.15.26): 1741565994912 tunnel running, 1 tunnels registered


TUNNELS
van-voice.gl.joinmc.link => 127.0.0.1:25565 (minecraft-java)
[2J8[0mplayit (v0.15.26): 1741566000199 tunnel running, 1 tunnels registered


TUNNELS
van-voice.gl.joinmc.link => 127.0.0.1:25565 (minecraft-java)
[2J8[0mplayit (v0.15.26): 1741566004013 tunnel running, 1 tunnels registered


TUNNELS
van-voice.gl.joinmc.link => 127.0.0.1:25565 (minecraft-java)
[2J8[0mplayit (v0.15.26): 1741566008796 tunnel running, 1 tunnels registered


TUNNELS
van-voice.gl.joinmc.link => 127.0.0.1:25565 (minecraft-java)
[2J8[0mplayit (v0.15.26): 1741566012371 tunnel running, 1 tunnels registered


TUNNELS
van-voice.gl.joinmc.link => 127.0.0.1:25565 (minecraft-java)
[2J8[0mplayit (v0.15.26): 1741566015700 tunnel running, 1 tunnels registered


TUNNELS
van-voice.gl.joinmc.link => 127.0.0.1:25565 (minecraft-java)
[2J8[0mplayit (v0.15.26): 1741566019143 tunnel running, 1 tunnels registered


TUNNELS
van-voice.gl.joinmc.link => 127.0.0.1:25565 (minecraft-java)
[2J8[0mplayit (v0.15.26): 1741566022899 tunnel running, 1 tunnels registered


TUNNELS
van-voice.gl.joinmc.link => 127.0.0.1:25565 (minecraft-java)
[2J8[0mplayit (v0.15.26): 1741566023903 tunnel running, 1 tunnels registered


TUNNELS
van-voice.gl.joinmc.link => 127.0.0.1:25565 (minecraft-java)
[2J8[0mplayit (v0.15.26): 1741566027589 tunnel running, 1 tunnels registered


TUNNELS
van-voice.gl.joinmc.link => 127.0.0.1:25565 (minecraft-java)
[2J8[0mplayit (v0.15.26): 1741566030983 tunnel running, 1 tunnels registered


TUNNELS
van-voice.gl.joinmc.link => 127.0.0.1:25565 (minecraft-java)
[2J8[0mplayit (v0.15.26): 1741566034310 tunnel running, 1 tunnels registered


TUNNELS
van-voice.gl.joinmc.link => 127.0.0.1:25565 (minecraft-java)
[2J8[0mplayit (v0.15.26): 1741566037869 tunnel running, 1 tunnels registered


TUNNELS
van-voice.gl.joinmc.link => 127.0.0.1:25565 (minecraft-java)
[2J8[0mplayit (v0.15.26): 1741566041201 tunnel running, 1 tunnels registered


TUNNELS
van-voice.gl.joinmc.link => 127.0.0.1:25565 (minecraft-java)
[2J8[0mplayit (v0.15.26): 1741566044597 tunnel running, 1 tunnels registered


TUNNELS
van-voice.gl.joinmc.link => 127.0.0.1:25565 (minecraft-java)
[2J8[0mplayit (v0.15.26): 1741566048004 tunnel running, 1 tunnels registered


TUNNELS
van-voice.gl.joinmc.link => 127.0.0.1:25565 (minecraft-java)
[2J8[0mplayit (v0.15.26): 1741566051702 tunnel running, 1 tunnels registered


TUNNELS
van-voice.gl.joinmc.link => 127.0.0.1:25565 (minecraft-java)
[2J8[0mplayit (v0.15.26): 1741566055059 tunnel running, 1 tunnels registered


TUNNELS
van-voice.gl.joinmc.link => 127.0.0.1:25565 (minecraft-java)
[2J8[0mplayit (v0.15.26): 1741566055951 tunnel running, 1 tunnels registered


TUNNELS
van-voice.gl.joinmc.link => 127.0.0.1:25565 (minecraft-java)
[2J8[0mplayit (v0.15.26): 1741566059323 tunnel running, 1 tunnels registered


TUNNELS
van-voice.gl.joinmc.link => 127.0.0.1:25565 (minecraft-java)
[2J8[0mplayit (v0.15.26): 1741566062709 tunnel running, 1 tunnels registered


TUNNELS
van-voice.gl.joinmc.link => 127.0.0.1:25565 (minecraft-java)
[2J8[0mplayit (v0.15.26): 1741566066061 tunnel running, 1 tunnels registered


TUNNELS
van-voice.gl.joinmc.link => 127.0.0.1:25565 (minecraft-java)
[2J8[0mplayit (v0.15.26): 1741566069765 tunnel running, 1 tunnels registered


TUNNELS
van-voice.gl.joinmc.link => 127.0.0.1:25565 (minecraft-java)
[2J8[0mplayit (v0.15.26): 1741566073610 tunnel running, 1 tunnels registered


TUNNELS
van-voice.gl.joinmc.link => 127.0.0.1:25565 (minecraft-java)
[2J8[0mplayit (v0.15.26): 1741566077004 tunnel running, 1 tunnels registered


TUNNELS
van-voice.gl.joinmc.link => 127.0.0.1:25565 (minecraft-java)
[2J8[0mplayit (v0.15.26): 1741566080511 tunnel running, 1 tunnels registered


TUNNELS
van-voice.gl.joinmc.link => 127.0.0.1:25565 (minecraft-java)
[2J8[0mplayit (v0.15.26): 1741566083981 tunnel running, 1 tunnels registered


TUNNELS
van-voice.gl.joinmc.link => 127.0.0.1:25565 (minecraft-java)
[2J8[0mplayit (v0.15.26): 1741566084977 tunnel running, 1 tunnels registered


TUNNELS
van-voice.gl.joinmc.link => 127.0.0.1:25565 (minecraft-java)
[2J8[0mplayit (v0.15.26): 1741566088446 tunnel running, 1 tunnels registered


TUNNELS
van-voice.gl.joinmc.link => 127.0.0.1:25565 (minecraft-java)
[2J8[0mplayit (v0.15.26): 1741566091873 tunnel running, 1 tunnels registered


TUNNELS
van-voice.gl.joinmc.link => 127.0.0.1:25565 (minecraft-java)
[2J8[0mplayit (v0.15.26): 1741566095321 tunnel running, 1 tunnels registered


TUNNELS
van-voice.gl.joinmc.link => 127.0.0.1:25565 (minecraft-java)
[2J8[0mplayit (v0.15.26): 1741566098787 tunnel running, 1 tunnels registered


TUNNELS
van-voice.gl.joinmc.link => 127.0.0.1:25565 (minecraft-java)
[2J8[0mplayit (v0.15.26): 1741566102373 tunnel running, 1 tunnels registered


TUNNELS
van-voice.gl.joinmc.link => 127.0.0.1:25565 (minecraft-java)
[2J8[0mplayit (v0.15.26): 1741566106111 tunnel running, 1 tunnels registered


TUNNELS
van-voice.gl.joinmc.link => 127.0.0.1:25565 (minecraft-java)
[2J8[0mplayit (v0.15.26): 1741566109918 tunnel running, 1 tunnels registered


TUNNELS
van-voice.gl.joinmc.link => 127.0.0.1:25565 (minecraft-java)
[2J8[0mplayit (v0.15.26): 1741566113642 tunnel running, 1 tunnels registered


TUNNELS
van-voice.gl.joinmc.link => 127.0.0.1:25565 (minecraft-java)
[2J8[0mplayit (v0.15.26): 1741566117057 tunnel running, 1 tunnels registered


TUNNELS
van-voice.gl.joinmc.link => 127.0.0.1:25565 (minecraft-java)
[2J8[0mplayit (v0.15.26): 1741566120789 tunnel running, 1 tunnels registered


TUNNELS
van-voice.gl.joinmc.link => 127.0.0.1:25565 (minecraft-java)
[2J8[0mplayit (v0.15.26): 1741566124454 tunnel running, 1 tunnels registered


TUNNELS
van-voice.gl.joinmc.link => 127.0.0.1:25565 (minecraft-java)
[2J8[0mplayit (v0.15.26): 1741566129719 tunnel running, 1 tunnels registered


TUNNELS
van-voice.gl.joinmc.link => 127.0.0.1:25565 (minecraft-java)
[2J8[0mplayit (v0.15.26): 1741566133535 tunnel running, 1 tunnels registered


TUNNELS
van-voice.gl.joinmc.link => 127.0.0.1:25565 (minecraft-java)
[2J8[0mplayit (v0.15.26): 1741566138654 tunnel running, 1 tunnels registered


TUNNELS
van-voice.gl.joinmc.link => 127.0.0.1:25565 (minecraft-java)
[2J8[0mplayit (v0.15.26): 1741566142245 tunnel running, 1 tunnels registered


TUNNELS
van-voice.gl.joinmc.link => 127.0.0.1:25565 (minecraft-java)
[2J8[0mplayit (v0.15.26): 1741566143176 tunnel running, 1 tunnels registered


TUNNELS
van-voice.gl.joinmc.link => 127.0.0.1:25565 (minecraft-java)
[2J8[0mplayit (v0.15.26): 1741566146804 tunnel running, 1 tunnels registered


TUNNELS
van-voice.gl.joinmc.link => 127.0.0.1:25565 (minecraft-java)
[2J8[0mplayit (v0.15.26): 1741566150245 tunnel running, 1 tunnels registered


TUNNELS
van-voice.gl.joinmc.link => 127.0.0.1:25565 (minecraft-java)
[2J8[0mplayit (v0.15.26): 1741566153798 tunnel running, 1 tunnels registered


TUNNELS
van-voice.gl.joinmc.link => 127.0.0.1:25565 (minecraft-java)
[2J8[0mplayit (v0.15.26): 1741566157575 tunnel running, 1 tunnels registered


TUNNELS
van-voice.gl.joinmc.link => 127.0.0.1:25565 (minecraft-java)
[2J8[0mplayit (v0.15.26): 1741566161291 tunnel running, 1 tunnels registered


TUNNELS
van-voice.gl.joinmc.link => 127.0.0.1:25565 (minecraft-java)
[2J8[0mplayit (v0.15.26): 1741566165085 tunnel running, 1 tunnels registered


TUNNELS
van-voice.gl.joinmc.link => 127.0.0.1:25565 (minecraft-java)
[2J8[0mplayit (v0.15.26): 1741566168587 tunnel running, 1 tunnels registered


TUNNELS
van-voice.gl.joinmc.link => 127.0.0.1:25565 (minecraft-java)
[2J8[0mplayit (v0.15.26): 1741566172314 tunnel running, 1 tunnels registered


TUNNELS
van-voice.gl.joinmc.link => 127.0.0.1:25565 (minecraft-java)
[2J8[0mplayit (v0.15.26): 1741566173179 tunnel running, 1 tunnels registered


TUNNELS
van-voice.gl.joinmc.link => 127.0.0.1:25565 (minecraft-java)
[2J8[0mplayit (v0.15.26): 1741566176474 tunnel running, 1 tunnels registered


TUNNELS
van-voice.gl.joinmc.link => 127.0.0.1:25565 (minecraft-java)
[2J8[0mplayit (v0.15.26): 1741566180214 tunnel running, 1 tunnels registered


TUNNELS
van-voice.gl.joinmc.link => 127.0.0.1:25565 (minecraft-java)
[2J8[0mplayit (v0.15.26): 1741566183551 tunnel running, 1 tunnels registered


TUNNELS
van-voice.gl.joinmc.link => 127.0.0.1:25565 (minecraft-java)
[2J8[0mplayit (v0.15.26): 1741566188979 tunnel running, 1 tunnels registered


TUNNELS
van-voice.gl.joinmc.link => 127.0.0.1:25565 (minecraft-java)
[2J8[0mplayit (v0.15.26): 1741566194076 tunnel running, 1 tunnels registered


TUNNELS
van-voice.gl.joinmc.link => 127.0.0.1:25565 (minecraft-java)
[2J8[0mplayit (v0.15.26): 1741566197516 tunnel running, 1 tunnels registered


TUNNELS
van-voice.gl.joinmc.link => 127.0.0.1:25565 (minecraft-java)
[2J8[0mplayit (v0.15.26): 1741566201205 tunnel running, 1 tunnels registered


TUNNELS
van-voice.gl.joinmc.link => 127.0.0.1:25565 (minecraft-java)
[2J8[0mplayit (v0.15.26): 1741566202057 tunnel running, 1 tunnels registered


TUNNELS
van-voice.gl.joinmc.link => 127.0.0.1:25565 (minecraft-java)
[2J8[0mplayit (v0.15.26): 1741566205499 tunnel running, 1 tunnels registered


TUNNELS
van-voice.gl.joinmc.link => 127.0.0.1:25565 (minecraft-java)
[2J8[0mplayit (v0.15.26): 1741566208830 tunnel running, 1 tunnels registered


TUNNELS
van-voice.gl.joinmc.link => 127.0.0.1:25565 (minecraft-java)
[2J8[0mplayit (v0.15.26): 1741566212742 tunnel running, 1 tunnels registered


TUNNELS
van-voice.gl.joinmc.link => 127.0.0.1:25565 (minecraft-java)
[2J8[0mplayit (v0.15.26): 1741566216154 tunnel running, 1 tunnels registered


TUNNELS
van-voice.gl.joinmc.link => 127.0.0.1:25565 (minecraft-java)
[2J8[0mplayit (v0.15.26): 1741566219642 tunnel running, 1 tunnels registered


TUNNELS
van-voice.gl.joinmc.link => 127.0.0.1:25565 (minecraft-java)
[2J8[0mplayit (v0.15.26): 1741566223021 tunnel running, 1 tunnels registered


TUNNELS
van-voice.gl.joinmc.link => 127.0.0.1:25565 (minecraft-java)
[2J8[0mplayit (v0.15.26): 1741566226451 tunnel running, 1 tunnels registered


TUNNELS
van-voice.gl.joinmc.link => 127.0.0.1:25565 (minecraft-java)
[2J8[0mplayit (v0.15.26): 1741566229969 tunnel running, 1 tunnels registered


TUNNELS
van-voice.gl.joinmc.link => 127.0.0.1:25565 (minecraft-java)
[2J8[0mplayit (v0.15.26): 1741566233410 tunnel running, 1 tunnels registered


TUNNELS
van-voice.gl.joinmc.link => 127.0.0.1:25565 (minecraft-java)
[2J8[0mplayit (v0.15.26): 1741566234519 tunnel running, 1 tunnels registered


TUNNELS
van-voice.gl.joinmc.link => 127.0.0.1:25565 (minecraft-java)
[2J8[0mplayit (v0.15.26): 1741566237879 tunnel running, 1 tunnels registered


TUNNELS
van-voice.gl.joinmc.link => 127.0.0.1:25565 (minecraft-java)
[2J8[0mplayit (v0.15.26): 1741566241282 tunnel running, 1 tunnels registered


TUNNELS
van-voice.gl.joinmc.link => 127.0.0.1:25565 (minecraft-java)
[2J8[0mplayit (v0.15.26): 1741566244823 tunnel running, 1 tunnels registered


TUNNELS
van-voice.gl.joinmc.link => 127.0.0.1:25565 (minecraft-java)
[2J8[0mplayit (v0.15.26): 1741566248136 tunnel running, 1 tunnels registered


TUNNELS
van-voice.gl.joinmc.link => 127.0.0.1:25565 (minecraft-java)
[2J8[0mplayit (v0.15.26): 1741566251698 tunnel running, 1 tunnels registered


TUNNELS
van-voice.gl.joinmc.link => 127.0.0.1:25565 (minecraft-java)
[2J8[0mplayit (v0.15.26): 1741566255041 tunnel running, 1 tunnels registered


TUNNELS
van-voice.gl.joinmc.link => 127.0.0.1:25565 (minecraft-java)
[2J8[0mplayit (v0.15.26): 1741566258726 tunnel running, 1 tunnels registered


TUNNELS
van-voice.gl.joinmc.link => 127.0.0.1:25565 (minecraft-java)
[2J8[0mplayit (v0.15.26): 1741566262555 tunnel running, 1 tunnels registered


TUNNELS
van-voice.gl.joinmc.link => 127.0.0.1:25565 (minecraft-java)
[2J8[0mplayit (v0.15.26): 1741566263743 tunnel running, 1 tunnels registered


TUNNELS
van-voice.gl.joinmc.link => 127.0.0.1:25565 (minecraft-java)
[2J8[0mplayit (v0.15.26): 1741566267587 tunnel running, 1 tunnels registered


TUNNELS
van-voice.gl.joinmc.link => 127.0.0.1:25565 (minecraft-java)
[2J8[0mplayit (v0.15.26): 1741566271312 tunnel running, 1 tunnels registered


TUNNELS
van-voice.gl.joinmc.link => 127.0.0.1:25565 (minecraft-java)
[2J8[0mplayit (v0.15.26): 1741566275105 tunnel running, 1 tunnels registered


TUNNELS
van-voice.gl.joinmc.link => 127.0.0.1:25565 (minecraft-java)
[2J8[0mplayit (v0.15.26): 1741566278415 tunnel running, 1 tunnels registered


TUNNELS
van-voice.gl.joinmc.link => 127.0.0.1:25565 (minecraft-java)
[2J8[0mplayit (v0.15.26): 1741566282252 tunnel running, 1 tunnels registered


TUNNELS
van-voice.gl.joinmc.link => 127.0.0.1:25565 (minecraft-java)
[2J8[0mplayit (v0.15.26): 1741566285873 tunnel running, 1 tunnels registered


TUNNELS
van-voice.gl.joinmc.link => 127.0.0.1:25565 (minecraft-java)
[2J8[0mplayit (v0.15.26): 1741566289950 tunnel running, 1 tunnels registered


TUNNELS
van-voice.gl.joinmc.link => 127.0.0.1:25565 (minecraft-java)
[2J8[0mplayit (v0.15.26): 1741566292123 tunnel running, 1 tunnels registered


TUNNELS
van-voice.gl.joinmc.link => 127.0.0.1:25565 (minecraft-java)
[2J8[0mplayit (v0.15.26): 1741566295547 tunnel running, 1 tunnels registered


TUNNELS
van-voice.gl.joinmc.link => 127.0.0.1:25565 (minecraft-java)
[2J8[0mplayit (v0.15.26): 1741566299084 tunnel running, 1 tunnels registered


TUNNELS
van-voice.gl.joinmc.link => 127.0.0.1:25565 (minecraft-java)
[2J8[0mplayit (v0.15.26): 1741566302564 tunnel running, 1 tunnels registered


TUNNELS
van-voice.gl.joinmc.link => 127.0.0.1:25565 (minecraft-java)
[2J8[0mplayit (v0.15.26): 1741566306349 tunnel running, 1 tunnels registered


TUNNELS
van-voice.gl.joinmc.link => 127.0.0.1:25565 (minecraft-java)
[2J8[0mplayit (v0.15.26): 1741566309930 tunnel running, 1 tunnels registered


TUNNELS
van-voice.gl.joinmc.link => 127.0.0.1:25565 (minecraft-java)
[2J8[0mplayit (v0.15.26): 1741566313694 tunnel running, 1 tunnels registered


TUNNELS
van-voice.gl.joinmc.link => 127.0.0.1:25565 (minecraft-java)
[2J8[0mplayit (v0.15.26): 1741566317118 tunnel running, 1 tunnels registered


TUNNELS
van-voice.gl.joinmc.link => 127.0.0.1:25565 (minecraft-java)
[2J8[0mplayit (v0.15.26): 1741566320609 tunnel running, 1 tunnels registered


TUNNELS
van-voice.gl.joinmc.link => 127.0.0.1:25565 (minecraft-java)
[2J8[0mplayit (v0.15.26): 1741566321903 tunnel running, 1 tunnels registered


TUNNELS
van-voice.gl.joinmc.link => 127.0.0.1:25565 (minecraft-java)
[2J8[0mplayit (v0.15.26): 1741566325482 tunnel running, 1 tunnels registered


TUNNELS
van-voice.gl.joinmc.link => 127.0.0.1:25565 (minecraft-java)
[2J8[0mplayit (v0.15.26): 1741566328955 tunnel running, 1 tunnels registered


TUNNELS
van-voice.gl.joinmc.link => 127.0.0.1:25565 (minecraft-java)
[2J8[0mplayit (v0.15.26): 1741566332482 tunnel running, 1 tunnels registered


TUNNELS
van-voice.gl.joinmc.link => 127.0.0.1:25565 (minecraft-java)
[2J8[0mplayit (v0.15.26): 1741566336008 tunnel running, 1 tunnels registered


TUNNELS
van-voice.gl.joinmc.link => 127.0.0.1:25565 (minecraft-java)
[2J8[0mplayit (v0.15.26): 1741566339815 tunnel running, 1 tunnels registered


TUNNELS
van-voice.gl.joinmc.link => 127.0.0.1:25565 (minecraft-java)
[2J8[0mplayit (v0.15.26): 1741566343453 tunnel running, 1 tunnels registered


TUNNELS
van-voice.gl.joinmc.link => 127.0.0.1:25565 (minecraft-java)
[2J8[0mplayit (v0.15.26): 1741566347206 tunnel running, 1 tunnels registered


TUNNELS
van-voice.gl.joinmc.link => 127.0.0.1:25565 (minecraft-java)
[2J8[0mplayit (v0.15.26): 1741566350790 tunnel running, 1 tunnels registered


TUNNELS
van-voice.gl.joinmc.link => 127.0.0.1:25565 (minecraft-java)
[2J8[0mplayit (v0.15.26): 1741566352013 tunnel running, 1 tunnels registered


TUNNELS
van-voice.gl.joinmc.link => 127.0.0.1:25565 (minecraft-java)
[2J8[0mplayit (v0.15.26): 1741566357619 tunnel running, 1 tunnels registered


TUNNELS
van-voice.gl.joinmc.link => 127.0.0.1:25565 (minecraft-java)
[2J8[0mplayit (v0.15.26): 1741566361418 tunnel running, 1 tunnels registered


TUNNELS
van-voice.gl.joinmc.link => 127.0.0.1:25565 (minecraft-java)
[2J8[0mplayit (v0.15.26): 1741566364759 tunnel running, 1 tunnels registered


TUNNELS
van-voice.gl.joinmc.link => 127.0.0.1:25565 (minecraft-java)
[2J8[0mplayit (v0.15.26): 1741566368307 tunnel running, 1 tunnels registered


TUNNELS
van-voice.gl.joinmc.link => 127.0.0.1:25565 (minecraft-java)
[2J8[0mplayit (v0.15.26): 1741566371675 tunnel running, 1 tunnels registered


TUNNELS
van-voice.gl.joinmc.link => 127.0.0.1:25565 (minecraft-java)
[2J8[0mplayit (v0.15.26): 1741566375111 tunnel running, 1 tunnels registered


TUNNELS
van-voice.gl.joinmc.link => 127.0.0.1:25565 (minecraft-java)
[2J8[0mplayit (v0.15.26): 1741566378896 tunnel running, 1 tunnels registered


TUNNELS
van-voice.gl.joinmc.link => 127.0.0.1:25565 (minecraft-java)
[2J8[0mplayit (v0.15.26): 1741566382609 tunnel running, 1 tunnels registered


TUNNELS
van-voice.gl.joinmc.link => 127.0.0.1:25565 (minecraft-java)
[2J8[0mplayit (v0.15.26): 1741566383527 tunnel running, 1 tunnels registered


TUNNELS
van-voice.gl.joinmc.link => 127.0.0.1:25565 (minecraft-java)
[2J8[0mplayit (v0.15.26): 1741566387392 tunnel running, 1 tunnels registered


TUNNELS
van-voice.gl.joinmc.link => 127.0.0.1:25565 (minecraft-java)
[2J8[0mplayit (v0.15.26): 1741566390713 tunnel running, 1 tunnels registered


TUNNELS
van-voice.gl.joinmc.link => 127.0.0.1:25565 (minecraft-java)
[2J8[0mplayit (v0.15.26): 1741566394041 tunnel running, 1 tunnels registered


TUNNELS
van-voice.gl.joinmc.link => 127.0.0.1:25565 (minecraft-java)
[2J8[0mplayit (v0.15.26): 1741566397788 tunnel running, 1 tunnels registered


TUNNELS
van-voice.gl.joinmc.link => 127.0.0.1:25565 (minecraft-java)
[2J8[0mplayit (v0.15.26): 1741566401243 tunnel running, 1 tunnels registered


TUNNELS
van-voice.gl.joinmc.link => 127.0.0.1:25565 (minecraft-java)
[2J8[0mplayit (v0.15.26): 1741566404625 tunnel running, 1 tunnels registered


TUNNELS
van-voice.gl.joinmc.link => 127.0.0.1:25565 (minecraft-java)
[2J8[0mplayit (v0.15.26): 1741566408286 tunnel running, 1 tunnels registered


TUNNELS
van-voice.gl.joinmc.link => 127.0.0.1:25565 (minecraft-java)
[2J8[0mplayit (v0.15.26): 1741566412348 tunnel running, 1 tunnels registered


TUNNELS
van-voice.gl.joinmc.link => 127.0.0.1:25565 (minecraft-java)
[2J8[0mplayit (v0.15.26): 1741566413289 tunnel running, 1 tunnels registered


TUNNELS
van-voice.gl.joinmc.link => 127.0.0.1:25565 (minecraft-java)
[2J8[0mplayit (v0.15.26): 1741566416724 tunnel running, 1 tunnels registered


TUNNELS
van-voice.gl.joinmc.link => 127.0.0.1:25565 (minecraft-java)
[2J8[0mplayit (v0.15.26): 1741566420054 tunnel running, 1 tunnels registered


TUNNELS
van-voice.gl.joinmc.link => 127.0.0.1:25565 (minecraft-java)
[2J8[0mplayit (v0.15.26): 1741566423774 tunnel running, 1 tunnels registered


TUNNELS
van-voice.gl.joinmc.link => 127.0.0.1:25565 (minecraft-java)
[2J8[0mplayit (v0.15.26): 1741566427317 tunnel running, 1 tunnels registered


TUNNELS
van-voice.gl.joinmc.link => 127.0.0.1:25565 (minecraft-java)
[2J8[0mplayit (v0.15.26): 1741566430906 tunnel running, 1 tunnels registered


TUNNELS
van-voice.gl.joinmc.link => 127.0.0.1:25565 (minecraft-java)
[2J8[0mplayit (v0.15.26): 1741566434640 tunnel running, 1 tunnels registered


TUNNELS
van-voice.gl.joinmc.link => 127.0.0.1:25565 (minecraft-java)
[2J8[0mplayit (v0.15.26): 1741566438564 tunnel running, 1 tunnels registered


TUNNELS
van-voice.gl.joinmc.link => 127.0.0.1:25565 (minecraft-java)
[2J8[0mplayit (v0.15.26): 1741566442299 tunnel running, 1 tunnels registered


TUNNELS
van-voice.gl.joinmc.link => 127.0.0.1:25565 (minecraft-java)
[2J8[0mplayit (v0.15.26): 1741566443126 tunnel running, 1 tunnels registered


TUNNELS
van-voice.gl.joinmc.link => 127.0.0.1:25565 (minecraft-java)
[2J8[0mplayit (v0.15.26): 1741566446729 tunnel running, 1 tunnels registered


TUNNELS
van-voice.gl.joinmc.link => 127.0.0.1:25565 (minecraft-java)
[2J8[0mplayit (v0.15.26): 1741566450532 tunnel running, 1 tunnels registered


TUNNELS
van-voice.gl.joinmc.link => 127.0.0.1:25565 (minecraft-java)
[2J8[0mplayit (v0.15.26): 1741566456182 tunnel running, 1 tunnels registered


TUNNELS
van-voice.gl.joinmc.link => 127.0.0.1:25565 (minecraft-java)
[2J8[0mplayit (v0.15.26): 1741566461048 tunnel running, 1 tunnels registered


TUNNELS
van-voice.gl.joinmc.link => 127.0.0.1:25565 (minecraft-java)
[2J8[0mplayit (v0.15.26): 1741566464768 tunnel running, 1 tunnels registered


TUNNELS
van-voice.gl.joinmc.link => 127.0.0.1:25565 (minecraft-java)
[2J8[0mplayit (v0.15.26): 1741566468576 tunnel running, 1 tunnels registered


TUNNELS
van-voice.gl.joinmc.link => 127.0.0.1:25565 (minecraft-java)
[2J8[0mplayit (v0.15.26): 1741566471900 tunnel running, 1 tunnels registered


TUNNELS
van-voice.gl.joinmc.link => 127.0.0.1:25565 (minecraft-java)
[2J8[0mplayit (v0.15.26): 1741566472989 tunnel running, 1 tunnels registered


TUNNELS
van-voice.gl.joinmc.link => 127.0.0.1:25565 (minecraft-java)
[2J8[0mplayit (v0.15.26): 1741566476555 tunnel running, 1 tunnels registered


TUNNELS
van-voice.gl.joinmc.link => 127.0.0.1:25565 (minecraft-java)
[2J8[0mplayit (v0.15.26): 1741566480056 tunnel running, 1 tunnels registered


TUNNELS
van-voice.gl.joinmc.link => 127.0.0.1:25565 (minecraft-java)
[2J8[0mplayit (v0.15.26): 1741566483741 tunnel running, 1 tunnels registered


TUNNELS
van-voice.gl.joinmc.link => 127.0.0.1:25565 (minecraft-java)
[2J8[0mplayit (v0.15.26): 1741566487022 tunnel running, 1 tunnels registered


TUNNELS
van-voice.gl.joinmc.link => 127.0.0.1:25565 (minecraft-java)
[2J8[0mplayit (v0.15.26): 1741566491002 tunnel running, 1 tunnels registered


TUNNELS
van-voice.gl.joinmc.link => 127.0.0.1:25565 (minecraft-java)
[2J8[0mplayit (v0.15.26): 1741566494917 tunnel running, 1 tunnels registered


TUNNELS
van-voice.gl.joinmc.link => 127.0.0.1:25565 (minecraft-java)
[2J8[0mplayit (v0.15.26): 1741566498257 tunnel running, 1 tunnels registered


TUNNELS
van-voice.gl.joinmc.link => 127.0.0.1:25565 (minecraft-java)
[2J8[0mplayit (v0.15.26): 1741566499480 tunnel running, 1 tunnels registered


TUNNELS
van-voice.gl.joinmc.link => 127.0.0.1:25565 (minecraft-java)
[2J8[0mplayit (v0.15.26): 1741566502934 tunnel running, 1 tunnels registered


TUNNELS
van-voice.gl.joinmc.link => 127.0.0.1:25565 (minecraft-java)
[2J8[0mplayit (v0.15.26): 1741566506300 tunnel running, 1 tunnels registered


TUNNELS
van-voice.gl.joinmc.link => 127.0.0.1:25565 (minecraft-java)
[2J8[0mplayit (v0.15.26): 1741566509674 tunnel running, 1 tunnels registered


TUNNELS
van-voice.gl.joinmc.link => 127.0.0.1:25565 (minecraft-java)
[2J8[0mplayit (v0.15.26): 1741566513083 tunnel running, 1 tunnels registered


TUNNELS
van-voice.gl.joinmc.link => 127.0.0.1:25565 (minecraft-java)
[2J8[0mplayit (v0.15.26): 1741566516778 tunnel running, 1 tunnels registered


TUNNELS
van-voice.gl.joinmc.link => 127.0.0.1:25565 (minecraft-java)
[2J8[0mplayit (v0.15.26): 1741566520255 tunnel running, 1 tunnels registered


TUNNELS
van-voice.gl.joinmc.link => 127.0.0.1:25565 (minecraft-java)
[2J8[0mplayit (v0.15.26): 1741566524098 tunnel running, 1 tunnels registered


TUNNELS
van-voice.gl.joinmc.link => 127.0.0.1:25565 (minecraft-java)
[2J8[0mplayit (v0.15.26): 1741566527661 tunnel running, 1 tunnels registered


TUNNELS
van-voice.gl.joinmc.link => 127.0.0.1:25565 (minecraft-java)
[2J8[0mplayit (v0.15.26): 1741566531356 tunnel running, 1 tunnels registered


TUNNELS
van-voice.gl.joinmc.link => 127.0.0.1:25565 (minecraft-java)
[2J8[0mplayit (v0.15.26): 1741566532686 tunnel running, 1 tunnels registered


TUNNELS
van-voice.gl.joinmc.link => 127.0.0.1:25565 (minecraft-java)
[2J8[0mplayit (v0.15.26): 1741566536424 tunnel running, 1 tunnels registered


TUNNELS
van-voice.gl.joinmc.link => 127.0.0.1:25565 (minecraft-java)
[2J8[0mplayit (v0.15.26): 1741566540047 tunnel running, 1 tunnels registered


TUNNELS
van-voice.gl.joinmc.link => 127.0.0.1:25565 (minecraft-java)
[2J8[0mplayit (v0.15.26): 1741566543592 tunnel running, 1 tunnels registered


TUNNELS
van-voice.gl.joinmc.link => 127.0.0.1:25565 (minecraft-java)
[2J8[0mplayit (v0.15.26): 1741566547321 tunnel running, 1 tunnels registered


TUNNELS
van-voice.gl.joinmc.link => 127.0.0.1:25565 (minecraft-java)
[2J8[0mplayit (v0.15.26): 1741566550638 tunnel running, 1 tunnels registered


TUNNELS
van-voice.gl.joinmc.link => 127.0.0.1:25565 (minecraft-java)
[2J8[0mplayit (v0.15.26): 1741566554485 tunnel running, 1 tunnels registered


TUNNELS
van-voice.gl.joinmc.link => 127.0.0.1:25565 (minecraft-java)
[2J8[0mplayit (v0.15.26): 1741566558203 tunnel running, 1 tunnels registered


TUNNELS
van-voice.gl.joinmc.link => 127.0.0.1:25565 (minecraft-java)
[2J8[0mplayit (v0.15.26): 1741566559654 tunnel running, 1 tunnels registered


TUNNELS
van-voice.gl.joinmc.link => 127.0.0.1:25565 (minecraft-java)
[2J8[0mplayit (v0.15.26): 1741566563248 tunnel running, 1 tunnels registered


TUNNELS
van-voice.gl.joinmc.link => 127.0.0.1:25565 (minecraft-java)
[2J8[0mplayit (v0.15.26): 1741566566820 tunnel running, 1 tunnels registered


TUNNELS
van-voice.gl.joinmc.link => 127.0.0.1:25565 (minecraft-java)
[2J8[0mplayit (v0.15.26): 1741566570155 tunnel running, 1 tunnels registered


TUNNELS
van-voice.gl.joinmc.link => 127.0.0.1:25565 (minecraft-java)
[2J8[0mplayit (v0.15.26): 1741566573590 tunnel running, 1 tunnels registered


TUNNELS
van-voice.gl.joinmc.link => 127.0.0.1:25565 (minecraft-java)
[2J8[0mplayit (v0.15.26): 1741566578040 tunnel running, 1 tunnels registered


TUNNELS
van-voice.gl.joinmc.link => 127.0.0.1:25565 (minecraft-java)
[2J8[0mplayit (v0.15.26): 1741566581453 tunnel running, 1 tunnels registered


TUNNELS
van-voice.gl.joinmc.link => 127.0.0.1:25565 (minecraft-java)
[2J8[0mplayit (v0.15.26): 1741566585249 tunnel running, 1 tunnels registered


TUNNELS
van-voice.gl.joinmc.link => 127.0.0.1:25565 (minecraft-java)
[2J8[0mplayit (v0.15.26): 1741566588996 tunnel running, 1 tunnels registered


TUNNELS
van-voice.gl.joinmc.link => 127.0.0.1:25565 (minecraft-java)
[2J8[0mplayit (v0.15.26): 1741566590405 tunnel running, 1 tunnels registered


TUNNELS
van-voice.gl.joinmc.link => 127.0.0.1:25565 (minecraft-java)
[2J8[0mplayit (v0.15.26): 1741566594082 tunnel running, 1 tunnels registered


TUNNELS
van-voice.gl.joinmc.link => 127.0.0.1:25565 (minecraft-java)
[2J8[0mplayit (v0.15.26): 1741566597606 tunnel running, 1 tunnels registered


TUNNELS
van-voice.gl.joinmc.link => 127.0.0.1:25565 (minecraft-java)
[2J8[0mplayit (v0.15.26): 1741566601132 tunnel running, 1 tunnels registered


TUNNELS
van-voice.gl.joinmc.link => 127.0.0.1:25565 (minecraft-java)
[2J8[0mplayit (v0.15.26): 1741566604758 tunnel running, 1 tunnels registered


TUNNELS
van-voice.gl.joinmc.link => 127.0.0.1:25565 (minecraft-java)
[2J8[0mplayit (v0.15.26): 1741566608325 tunnel running, 1 tunnels registered


TUNNELS
van-voice.gl.joinmc.link => 127.0.0.1:25565 (minecraft-java)
[2J8[0mplayit (v0.15.26): 1741566611669 tunnel running, 1 tunnels registered


TUNNELS
van-voice.gl.joinmc.link => 127.0.0.1:25565 (minecraft-java)
[2J8[0mplayit (v0.15.26): 1741566615384 tunnel running, 1 tunnels registered


TUNNELS
van-voice.gl.joinmc.link => 127.0.0.1:25565 (minecraft-java)
[2J8[0mplayit (v0.15.26): 1741566618762 tunnel running, 1 tunnels registered


TUNNELS
van-voice.gl.joinmc.link => 127.0.0.1:25565 (minecraft-java)
[2J8[0mplayit (v0.15.26): 1741566620089 tunnel running, 1 tunnels registered


TUNNELS
van-voice.gl.joinmc.link => 127.0.0.1:25565 (minecraft-java)
[2J8[0mplayit (v0.15.26): 1741566623427 tunnel running, 1 tunnels registered


TUNNELS
van-voice.gl.joinmc.link => 127.0.0.1:25565 (minecraft-java)
[2J8[0mplayit (v0.15.26): 1741566626803 tunnel running, 1 tunnels registered


TUNNELS
van-voice.gl.joinmc.link => 127.0.0.1:25565 (minecraft-java)
[2J8[0mplayit (v0.15.26): 1741566630481 tunnel running, 1 tunnels registered


TUNNELS
van-voice.gl.joinmc.link => 127.0.0.1:25565 (minecraft-java)
[2J8[0mplayit (v0.15.26): 1741566635733 tunnel running, 1 tunnels registered


TUNNELS
van-voice.gl.joinmc.link => 127.0.0.1:25565 (minecraft-java)
[2J8[0mplayit (v0.15.26): 1741566639479 tunnel running, 1 tunnels registered


TUNNELS
van-voice.gl.joinmc.link => 127.0.0.1:25565 (minecraft-java)
[2J8[0mplayit (v0.15.26): 1741566643350 tunnel running, 1 tunnels registered


TUNNELS
van-voice.gl.joinmc.link => 127.0.0.1:25565 (minecraft-java)
[2J8[0mplayit (v0.15.26): 1741566647341 tunnel running, 1 tunnels registered


TUNNELS
van-voice.gl.joinmc.link => 127.0.0.1:25565 (minecraft-java)
[2J8[0mplayit (v0.15.26): 1741566650661 tunnel running, 1 tunnels registered


TUNNELS
van-voice.gl.joinmc.link => 127.0.0.1:25565 (minecraft-java)
[2J8[0mplayit (v0.15.26): 1741566651772 tunnel running, 1 tunnels registered


TUNNELS
van-voice.gl.joinmc.link => 127.0.0.1:25565 (minecraft-java)
[2J8[0mplayit (v0.15.26): 1741566655212 tunnel running, 1 tunnels registered


TUNNELS
van-voice.gl.joinmc.link => 127.0.0.1:25565 (minecraft-java)
[2J8[0mplayit (v0.15.26): 1741566658803 tunnel running, 1 tunnels registered


TUNNELS
van-voice.gl.joinmc.link => 127.0.0.1:25565 (minecraft-java)
[2J8[0mplayit (v0.15.26): 1741566662442 tunnel running, 1 tunnels registered


TUNNELS
van-voice.gl.joinmc.link => 127.0.0.1:25565 (minecraft-java)
[2J8[0mplayit (v0.15.26): 1741566665770 tunnel running, 1 tunnels registered


TUNNELS
van-voice.gl.joinmc.link => 127.0.0.1:25565 (minecraft-java)
[2J8[0mplayit (v0.15.26): 1741566669404 tunnel running, 1 tunnels registered


TUNNELS
van-voice.gl.joinmc.link => 127.0.0.1:25565 (minecraft-java)
[2J8[0mplayit (v0.15.26): 1741566672736 tunnel running, 1 tunnels registered


TUNNELS
van-voice.gl.joinmc.link => 127.0.0.1:25565 (minecraft-java)
[2J8[0mplayit (v0.15.26): 1741566676243 tunnel running, 1 tunnels registered


TUNNELS
van-voice.gl.joinmc.link => 127.0.0.1:25565 (minecraft-java)
[2J8[0mplayit (v0.15.26): 1741566679605 tunnel running, 1 tunnels registered


TUNNELS
van-voice.gl.joinmc.link => 127.0.0.1:25565 (minecraft-java)
[2J8[0mplayit (v0.15.26): 1741566680831 tunnel running, 1 tunnels registered


TUNNELS
van-voice.gl.joinmc.link => 127.0.0.1:25565 (minecraft-java)
[2J8[0mplayit (v0.15.26): 1741566684413 tunnel running, 1 tunnels registered


TUNNELS
van-voice.gl.joinmc.link => 127.0.0.1:25565 (minecraft-java)
[2J8[0mplayit (v0.15.26): 1741566689314 tunnel running, 1 tunnels registered


TUNNELS
van-voice.gl.joinmc.link => 127.0.0.1:25565 (minecraft-java)
[2J8[0mplayit (v0.15.26): 1741566692647 tunnel running, 1 tunnels registered


TUNNELS
van-voice.gl.joinmc.link => 127.0.0.1:25565 (minecraft-java)
[2J8[0mplayit (v0.15.26): 1741566696159 tunnel running, 1 tunnels registered


TUNNELS
van-voice.gl.joinmc.link => 127.0.0.1:25565 (minecraft-java)
[2J8[0mplayit (v0.15.26): 1741566699612 tunnel running, 1 tunnels registered


TUNNELS
van-voice.gl.joinmc.link => 127.0.0.1:25565 (minecraft-java)
[2J8[0mplayit (v0.15.26): 1741566703261 tunnel running, 1 tunnels registered


TUNNELS
van-voice.gl.joinmc.link => 127.0.0.1:25565 (minecraft-java)
[2J8[0mplayit (v0.15.26): 1741566707132 tunnel running, 1 tunnels registered


TUNNELS
van-voice.gl.joinmc.link => 127.0.0.1:25565 (minecraft-java)
[2J8[0mplayit (v0.15.26): 1741566708440 tunnel running, 1 tunnels registered


TUNNELS
van-voice.gl.joinmc.link => 127.0.0.1:25565 (minecraft-java)
[2J8[0mplayit (v0.15.26): 1741566712200 tunnel running, 1 tunnels registered


TUNNELS
van-voice.gl.joinmc.link => 127.0.0.1:25565 (minecraft-java)
[2J8[0mplayit (v0.15.26): 1741566715677 tunnel running, 1 tunnels registered


TUNNELS
van-voice.gl.joinmc.link => 127.0.0.1:25565 (minecraft-java)
[2J8[0mplayit (v0.15.26): 1741566719399 tunnel running, 1 tunnels registered


TUNNELS
van-voice.gl.joinmc.link => 127.0.0.1:25565 (minecraft-java)
[2J8[0mplayit (v0.15.26): 1741566722919 tunnel running, 1 tunnels registered


TUNNELS
van-voice.gl.joinmc.link => 127.0.0.1:25565 (minecraft-java)
[2J8[0mplayit (v0.15.26): 1741566726282 tunnel running, 1 tunnels registered


TUNNELS
van-voice.gl.joinmc.link => 127.0.0.1:25565 (minecraft-java)
[2J8[0mplayit (v0.15.26): 1741566731838 tunnel running, 1 tunnels registered


TUNNELS
van-voice.gl.joinmc.link => 127.0.0.1:25565 (minecraft-java)
[2J8[0mplayit (v0.15.26): 1741566735358 tunnel running, 1 tunnels registered


TUNNELS
van-voice.gl.joinmc.link => 127.0.0.1:25565 (minecraft-java)
[2J8[0mplayit (v0.15.26): 1741566739024 tunnel running, 1 tunnels registered


TUNNELS
van-voice.gl.joinmc.link => 127.0.0.1:25565 (minecraft-java)
[2J8[0mplayit (v0.15.26): 1741566739873 tunnel running, 1 tunnels registered


TUNNELS
van-voice.gl.joinmc.link => 127.0.0.1:25565 (minecraft-java)
[2J8[0mplayit (v0.15.26): 1741566743204 tunnel running, 1 tunnels registered


TUNNELS
van-voice.gl.joinmc.link => 127.0.0.1:25565 (minecraft-java)
[2J8[0mplayit (v0.15.26): 1741566746793 tunnel running, 1 tunnels registered


TUNNELS
van-voice.gl.joinmc.link => 127.0.0.1:25565 (minecraft-java)
[2J8[0mplayit (v0.15.26): 1741566750167 tunnel running, 1 tunnels registered


TUNNELS
van-voice.gl.joinmc.link => 127.0.0.1:25565 (minecraft-java)
[2J8[0mplayit (v0.15.26): 1741566754184 tunnel running, 1 tunnels registered


TUNNELS
van-voice.gl.joinmc.link => 127.0.0.1:25565 (minecraft-java)
[2J8[0mplayit (v0.15.26): 1741566757629 tunnel running, 1 tunnels registered


TUNNELS
van-voice.gl.joinmc.link => 127.0.0.1:25565 (minecraft-java)
[2J8[0mplayit (v0.15.26): 1741566761115 tunnel running, 1 tunnels registered


TUNNELS
van-voice.gl.joinmc.link => 127.0.0.1:25565 (minecraft-java)
[2J8[0mplayit (v0.15.26): 1741566766331 tunnel running, 1 tunnels registered


TUNNELS
van-voice.gl.joinmc.link => 127.0.0.1:25565 (minecraft-java)
[2J8[0mplayit (v0.15.26): 1741566767439 tunnel running, 1 tunnels registered


TUNNELS
van-voice.gl.joinmc.link => 127.0.0.1:25565 (minecraft-java)
[2J8[0mplayit (v0.15.26): 1741566770851 tunnel running, 1 tunnels registered


TUNNELS
van-voice.gl.joinmc.link => 127.0.0.1:25565 (minecraft-java)
[2J8[0mplayit (v0.15.26): 1741566774618 tunnel running, 1 tunnels registered


TUNNELS
van-voice.gl.joinmc.link => 127.0.0.1:25565 (minecraft-java)
[2J8[0mplayit (v0.15.26): 1741566779595 tunnel running, 1 tunnels registered


TUNNELS
van-voice.gl.joinmc.link => 127.0.0.1:25565 (minecraft-java)
[2J8[0mplayit (v0.15.26): 1741566782915 tunnel running, 1 tunnels registered


TUNNELS
van-voice.gl.joinmc.link => 127.0.0.1:25565 (minecraft-java)
[2J8[0mplayit (v0.15.26): 1741566786579 tunnel running, 1 tunnels registered


TUNNELS
van-voice.gl.joinmc.link => 127.0.0.1:25565 (minecraft-java)
[2J8[0mplayit (v0.15.26): 1741566789879 tunnel running, 1 tunnels registered


TUNNELS
van-voice.gl.joinmc.link => 127.0.0.1:25565 (minecraft-java)
[2J8[0mplayit (v0.15.26): 1741566795070 tunnel running, 1 tunnels registered


TUNNELS
van-voice.gl.joinmc.link => 127.0.0.1:25565 (minecraft-java)
[2J8[0mplayit (v0.15.26): 1741566797913 tunnel running, 1 tunnels registered


TUNNELS
van-voice.gl.joinmc.link => 127.0.0.1:25565 (minecraft-java)
[2J8[0mplayit (v0.15.26): 1741566801555 tunnel running, 1 tunnels registered


TUNNELS
van-voice.gl.joinmc.link => 127.0.0.1:25565 (minecraft-java)
[2J8[0mplayit (v0.15.26): 1741566805067 tunnel running, 1 tunnels registered


TUNNELS
van-voice.gl.joinmc.link => 127.0.0.1:25565 (minecraft-java)
[2J8[0mplayit (v0.15.26): 1741566809563 tunnel running, 1 tunnels registered


TUNNELS
van-voice.gl.joinmc.link => 127.0.0.1:25565 (minecraft-java)
[2J8[0mplayit (v0.15.26): 1741566812955 tunnel running, 1 tunnels registered


TUNNELS
van-voice.gl.joinmc.link => 127.0.0.1:25565 (minecraft-java)
[2J8[0mplayit (v0.15.26): 1741566816339 tunnel running, 1 tunnels registered


TUNNELS
van-voice.gl.joinmc.link => 127.0.0.1:25565 (minecraft-java)
[2J8[0mplayit (v0.15.26): 1741566819737 tunnel running, 1 tunnels registered


TUNNELS
van-voice.gl.joinmc.link => 127.0.0.1:25565 (minecraft-java)
[2J8[0mplayit (v0.15.26): 1741566824126 tunnel running, 1 tunnels registered


TUNNELS
van-voice.gl.joinmc.link => 127.0.0.1:25565 (minecraft-java)
[2J8[0mplayit (v0.15.26): 1741566827650 tunnel running, 1 tunnels registered


TUNNELS
van-voice.gl.joinmc.link => 127.0.0.1:25565 (minecraft-java)
[2J8[0mplayit (v0.15.26): 1741566828955 tunnel running, 1 tunnels registered


TUNNELS
van-voice.gl.joinmc.link => 127.0.0.1:25565 (minecraft-java)
[2J8[0mplayit (v0.15.26): 1741566832344 tunnel running, 1 tunnels registered


TUNNELS
van-voice.gl.joinmc.link => 127.0.0.1:25565 (minecraft-java)
[2J8[0mplayit (v0.15.26): 1741566837068 tunnel running, 1 tunnels registered


TUNNELS
van-voice.gl.joinmc.link => 127.0.0.1:25565 (minecraft-java)
[2J8[0mplayit (v0.15.26): 1741566840813 tunnel running, 1 tunnels registered


TUNNELS
van-voice.gl.joinmc.link => 127.0.0.1:25565 (minecraft-java)
[2J8[0mplayit (v0.15.26): 1741566844429 tunnel running, 1 tunnels registered


TUNNELS
van-voice.gl.joinmc.link => 127.0.0.1:25565 (minecraft-java)
[2J8[0mplayit (v0.15.26): 1741566849581 tunnel running, 1 tunnels registered


TUNNELS
van-voice.gl.joinmc.link => 127.0.0.1:25565 (minecraft-java)
[2J8[0mplayit (v0.15.26): 1741566853112 tunnel running, 1 tunnels registered


TUNNELS
van-voice.gl.joinmc.link => 127.0.0.1:25565 (minecraft-java)
[2J8[0mplayit (v0.15.26): 1741566856606 tunnel running, 1 tunnels registered


TUNNELS
van-voice.gl.joinmc.link => 127.0.0.1:25565 (minecraft-java)
[2J8[0mplayit (v0.15.26): 1741566858494 tunnel running, 1 tunnels registered


TUNNELS
van-voice.gl.joinmc.link => 127.0.0.1:25565 (minecraft-java)
[2J8[0mplayit (v0.15.26): 1741566861835 tunnel running, 1 tunnels registered


TUNNELS
van-voice.gl.joinmc.link => 127.0.0.1:25565 (minecraft-java)
[2J8[0mplayit (v0.15.26): 1741566865422 tunnel running, 1 tunnels registered


TUNNELS
van-voice.gl.joinmc.link => 127.0.0.1:25565 (minecraft-java)
[2J8[0mplayit (v0.15.26): 1741566868889 tunnel running, 1 tunnels registered


TUNNELS
van-voice.gl.joinmc.link => 127.0.0.1:25565 (minecraft-java)
[2J8[0mplayit (v0.15.26): 1741566872200 tunnel running, 1 tunnels registered


TUNNELS
van-voice.gl.joinmc.link => 127.0.0.1:25565 (minecraft-java)
[2J8[0mplayit (v0.15.26): 1741566876458 tunnel running, 1 tunnels registered


TUNNELS
van-voice.gl.joinmc.link => 127.0.0.1:25565 (minecraft-java)
[2J8[0mplayit (v0.15.26): 1741566880334 tunnel running, 1 tunnels registered


TUNNELS
van-voice.gl.joinmc.link => 127.0.0.1:25565 (minecraft-java)
[2J8[0mplayit (v0.15.26): 1741566883753 tunnel running, 1 tunnels registered


TUNNELS
van-voice.gl.joinmc.link => 127.0.0.1:25565 (minecraft-java)
[2J8[0mplayit (v0.15.26): 1741566887520 tunnel running, 1 tunnels registered


TUNNELS
van-voice.gl.joinmc.link => 127.0.0.1:25565 (minecraft-java)
[2J8[0mplayit (v0.15.26): 1741566888696 tunnel running, 1 tunnels registered


TUNNELS
van-voice.gl.joinmc.link => 127.0.0.1:25565 (minecraft-java)
[2J8[0mplayit (v0.15.26): 1741566892110 tunnel running, 1 tunnels registered


TUNNELS
van-voice.gl.joinmc.link => 127.0.0.1:25565 (minecraft-java)
[2J8[0mplayit (v0.15.26): 1741566896574 tunnel running, 1 tunnels registered


TUNNELS
van-voice.gl.joinmc.link => 127.0.0.1:25565 (minecraft-java)
[2J8[0mplayit (v0.15.26): 1741566900227 tunnel running, 1 tunnels registered


TUNNELS
van-voice.gl.joinmc.link => 127.0.0.1:25565 (minecraft-java)
[2J8[0mplayit (v0.15.26): 1741566903761 tunnel running, 1 tunnels registered


TUNNELS
van-voice.gl.joinmc.link => 127.0.0.1:25565 (minecraft-java)
[2J8[0mplayit (v0.15.26): 1741566907088 tunnel running, 1 tunnels registered


TUNNELS
van-voice.gl.joinmc.link => 127.0.0.1:25565 (minecraft-java)
[2J8[0mplayit (v0.15.26): 1741566910527 tunnel running, 1 tunnels registered


TUNNELS
van-voice.gl.joinmc.link => 127.0.0.1:25565 (minecraft-java)
[2J8[0mplayit (v0.15.26): 1741566914112 tunnel running, 1 tunnels registered


TUNNELS
van-voice.gl.joinmc.link => 127.0.0.1:25565 (minecraft-java)
[2J8[0mplayit (v0.15.26): 1741566917508 tunnel running, 1 tunnels registered


TUNNELS
van-voice.gl.joinmc.link => 127.0.0.1:25565 (minecraft-java)
[2J8[0mplayit (v0.15.26): 1741566918361 tunnel running, 1 tunnels registered


TUNNELS
van-voice.gl.joinmc.link => 127.0.0.1:25565 (minecraft-java)
[2J8[0mplayit (v0.15.26): 1741566922930 tunnel running, 1 tunnels registered


TUNNELS
van-voice.gl.joinmc.link => 127.0.0.1:25565 (minecraft-java)
[2J8[0mplayit (v0.15.26): 1741566926467 tunnel running, 1 tunnels registered


TUNNELS
van-voice.gl.joinmc.link => 127.0.0.1:25565 (minecraft-java)
[2J8[0mplayit (v0.15.26): 1741566930144 tunnel running, 1 tunnels registered


TUNNELS
van-voice.gl.joinmc.link => 127.0.0.1:25565 (minecraft-java)
[2J8[0mplayit (v0.15.26): 1741566933615 tunnel running, 1 tunnels registered


TUNNELS
van-voice.gl.joinmc.link => 127.0.0.1:25565 (minecraft-java)
[2J8[0mplayit (v0.15.26): 1741566937020 tunnel running, 1 tunnels registered


TUNNELS
van-voice.gl.joinmc.link => 127.0.0.1:25565 (minecraft-java)
[2J8[0mplayit (v0.15.26): 1741566940902 tunnel running, 1 tunnels registered


TUNNELS
van-voice.gl.joinmc.link => 127.0.0.1:25565 (minecraft-java)
[2J8[0mplayit (v0.15.26): 1741566944673 tunnel running, 1 tunnels registered


TUNNELS
van-voice.gl.joinmc.link => 127.0.0.1:25565 (minecraft-java)
[2J8[0mplayit (v0.15.26): 1741566946017 tunnel running, 1 tunnels registered


TUNNELS
van-voice.gl.joinmc.link => 127.0.0.1:25565 (minecraft-java)
[2J8[0mplayit (v0.15.26): 1741566949496 tunnel running, 1 tunnels registered


TUNNELS
van-voice.gl.joinmc.link => 127.0.0.1:25565 (minecraft-java)
[2J8[0mplayit (v0.15.26): 1741566954877 tunnel running, 1 tunnels registered


TUNNELS
van-voice.gl.joinmc.link => 127.0.0.1:25565 (minecraft-java)
[2J8[0mplayit (v0.15.26): 1741566958624 tunnel running, 1 tunnels registered


TUNNELS
van-voice.gl.joinmc.link => 127.0.0.1:25565 (minecraft-java)
[2J8[0mplayit (v0.15.26): 1741566961958 tunnel running, 1 tunnels registered


TUNNELS
van-voice.gl.joinmc.link => 127.0.0.1:25565 (minecraft-java)
[2J8[0mplayit (v0.15.26): 1741566967085 tunnel running, 1 tunnels registered


TUNNELS
van-voice.gl.joinmc.link => 127.0.0.1:25565 (minecraft-java)
[2J8[0mplayit (v0.15.26): 1741566970695 tunnel running, 1 tunnels registered


TUNNELS
van-voice.gl.joinmc.link => 127.0.0.1:25565 (minecraft-java)
[2J8[0mplayit (v0.15.26): 1741566974069 tunnel running, 1 tunnels registered


TUNNELS
van-voice.gl.joinmc.link => 127.0.0.1:25565 (minecraft-java)
[2J8[0mplayit (v0.15.26): 1741566977688 tunnel running, 1 tunnels registered


TUNNELS
van-voice.gl.joinmc.link => 127.0.0.1:25565 (minecraft-java)
[2J8[0mplayit (v0.15.26): 1741566978545 tunnel running, 1 tunnels registered


TUNNELS
van-voice.gl.joinmc.link => 127.0.0.1:25565 (minecraft-java)
[2J8[0mplayit (v0.15.26): 1741566982273 tunnel running, 1 tunnels registered


TUNNELS
van-voice.gl.joinmc.link => 127.0.0.1:25565 (minecraft-java)
[2J8[0mplayit (v0.15.26): 1741566985618 tunnel running, 1 tunnels registered


TUNNELS
van-voice.gl.joinmc.link => 127.0.0.1:25565 (minecraft-java)
[2J8[0mplayit (v0.15.26): 1741566990526 tunnel running, 1 tunnels registered


TUNNELS
van-voice.gl.joinmc.link => 127.0.0.1:25565 (minecraft-java)
[2J8[0mplayit (v0.15.26): 1741566994304 tunnel running, 1 tunnels registered


TUNNELS
van-voice.gl.joinmc.link => 127.0.0.1:25565 (minecraft-java)
[2J8[0mplayit (v0.15.26): 1741566999691 tunnel running, 1 tunnels registered


TUNNELS
van-voice.gl.joinmc.link => 127.0.0.1:25565 (minecraft-java)
[2J8[0mplayit (v0.15.26): 1741567003079 tunnel running, 1 tunnels registered


TUNNELS
van-voice.gl.joinmc.link => 127.0.0.1:25565 (minecraft-java)
[2J8[0mplayit (v0.15.26): 1741567007374 tunnel running, 1 tunnels registered


TUNNELS
van-voice.gl.joinmc.link => 127.0.0.1:25565 (minecraft-java)
[2J8[0mplayit (v0.15.26): 1741567008594 tunnel running, 1 tunnels registered


TUNNELS
van-voice.gl.joinmc.link => 127.0.0.1:25565 (minecraft-java)
[2J8[0mplayit (v0.15.26): 1741567013149 tunnel running, 1 tunnels registered


TUNNELS
van-voice.gl.joinmc.link => 127.0.0.1:25565 (minecraft-java)
[2J8[0mplayit (v0.15.26): 1741567016980 tunnel running, 1 tunnels registered


TUNNELS
van-voice.gl.joinmc.link => 127.0.0.1:25565 (minecraft-java)
[2J8[0mplayit (v0.15.26): 1741567020752 tunnel running, 1 tunnels registered


TUNNELS
van-voice.gl.joinmc.link => 127.0.0.1:25565 (minecraft-java)
[2J8[0mplayit (v0.15.26): 1741567024478 tunnel running, 1 tunnels registered


TUNNELS
van-voice.gl.joinmc.link => 127.0.0.1:25565 (minecraft-java)
[2J8[0mplayit (v0.15.26): 1741567029736 tunnel running, 1 tunnels registered


TUNNELS
van-voice.gl.joinmc.link => 127.0.0.1:25565 (minecraft-java)
[2J8[0mplayit (v0.15.26): 1741567033313 tunnel running, 1 tunnels registered


TUNNELS
van-voice.gl.joinmc.link => 127.0.0.1:25565 (minecraft-java)
[2J8[0mplayit (v0.15.26): 1741567036991 tunnel running, 1 tunnels registered


TUNNELS
van-voice.gl.joinmc.link => 127.0.0.1:25565 (minecraft-java)
[2J8[0mplayit (v0.15.26): 1741567038276 tunnel running, 1 tunnels registered


TUNNELS
van-voice.gl.joinmc.link => 127.0.0.1:25565 (minecraft-java)
[2J8[0mplayit (v0.15.26): 1741567041600 tunnel running, 1 tunnels registered


TUNNELS
van-voice.gl.joinmc.link => 127.0.0.1:25565 (minecraft-java)
[2J8[0mplayit (v0.15.26): 1741567045365 tunnel running, 1 tunnels registered


TUNNELS
van-voice.gl.joinmc.link => 127.0.0.1:25565 (minecraft-java)
[2J8[0mplayit (v0.15.26): 1741567048688 tunnel running, 1 tunnels registered


TUNNELS
van-voice.gl.joinmc.link => 127.0.0.1:25565 (minecraft-java)
[2J8[0mplayit (v0.15.26): 1741567052598 tunnel running, 1 tunnels registered


TUNNELS
van-voice.gl.joinmc.link => 127.0.0.1:25565 (minecraft-java)
[2J8[0mplayit (v0.15.26): 1741567055962 tunnel running, 1 tunnels registered


TUNNELS
van-voice.gl.joinmc.link => 127.0.0.1:25565 (minecraft-java)
[2J8[0mplayit (v0.15.26): 1741567059332 tunnel running, 1 tunnels registered


TUNNELS
van-voice.gl.joinmc.link => 127.0.0.1:25565 (minecraft-java)
[2J8[0mplayit (v0.15.26): 1741567063099 tunnel running, 1 tunnels registered


TUNNELS
van-voice.gl.joinmc.link => 127.0.0.1:25565 (minecraft-java)
[2J8[0mplayit (v0.15.26): 1741567066432 tunnel running, 1 tunnels registered


TUNNELS
van-voice.gl.joinmc.link => 127.0.0.1:25565 (minecraft-java)
[2J8[0mplayit (v0.15.26): 1741567067446 tunnel running, 1 tunnels registered


TUNNELS
van-voice.gl.joinmc.link => 127.0.0.1:25565 (minecraft-java)
[2J8[0mplayit (v0.15.26): 1741567073002 tunnel running, 1 tunnels registered


TUNNELS
van-voice.gl.joinmc.link => 127.0.0.1:25565 (minecraft-java)
[2J8[0mplayit (v0.15.26): 1741567076609 tunnel running, 1 tunnels registered


TUNNELS
van-voice.gl.joinmc.link => 127.0.0.1:25565 (minecraft-java)
[2J8[0mplayit (v0.15.26): 1741567082035 tunnel running, 1 tunnels registered


TUNNELS
van-voice.gl.joinmc.link => 127.0.0.1:25565 (minecraft-java)
[2J8[0mplayit (v0.15.26): 1741567085737 tunnel running, 1 tunnels registered


TUNNELS
van-voice.gl.joinmc.link => 127.0.0.1:25565 (minecraft-java)
[2J8[0mplayit (v0.15.26): 1741567089484 tunnel running, 1 tunnels registered


TUNNELS
van-voice.gl.joinmc.link => 127.0.0.1:25565 (minecraft-java)
[2J8[0mplayit (v0.15.26): 1741567092966 tunnel running, 1 tunnels registered


TUNNELS
van-voice.gl.joinmc.link => 127.0.0.1:25565 (minecraft-java)
[2J8[0mplayit (v0.15.26): 1741567096378 tunnel running, 1 tunnels registered


TUNNELS
van-voice.gl.joinmc.link => 127.0.0.1:25565 (minecraft-java)
[2J8[0mplayit (v0.15.26): 1741567097264 tunnel running, 1 tunnels registered


TUNNELS
van-voice.gl.joinmc.link => 127.0.0.1:25565 (minecraft-java)
[2J8[0mplayit (v0.15.26): 1741567100691 tunnel running, 1 tunnels registered


TUNNELS
van-voice.gl.joinmc.link => 127.0.0.1:25565 (minecraft-java)
[2J8[0mplayit (v0.15.26): 1741567104423 tunnel running, 1 tunnels registered


TUNNELS
van-voice.gl.joinmc.link => 127.0.0.1:25565 (minecraft-java)
[2J8[0mplayit (v0.15.26): 1741567108074 tunnel running, 1 tunnels registered


TUNNELS
van-voice.gl.joinmc.link => 127.0.0.1:25565 (minecraft-java)
[2J8[0mplayit (v0.15.26): 1741567112124 tunnel running, 1 tunnels registered


TUNNELS
van-voice.gl.joinmc.link => 127.0.0.1:25565 (minecraft-java)
[2J8[0mplayit (v0.15.26): 1741567115640 tunnel running, 1 tunnels registered


TUNNELS
van-voice.gl.joinmc.link => 127.0.0.1:25565 (minecraft-java)
[2J8[0mplayit (v0.15.26): 1741567119094 tunnel running, 1 tunnels registered


TUNNELS
van-voice.gl.joinmc.link => 127.0.0.1:25565 (minecraft-java)
[2J8[0mplayit (v0.15.26): 1741567122839 tunnel running, 1 tunnels registered


TUNNELS
van-voice.gl.joinmc.link => 127.0.0.1:25565 (minecraft-java)
[2J8[0mplayit (v0.15.26): 1741567126391 tunnel running, 1 tunnels registered


TUNNELS
van-voice.gl.joinmc.link => 127.0.0.1:25565 (minecraft-java)
[2J8[0mplayit (v0.15.26): 1741567127255 tunnel running, 1 tunnels registered


TUNNELS
van-voice.gl.joinmc.link => 127.0.0.1:25565 (minecraft-java)
[2J8[0mplayit (v0.15.26): 1741567130614 tunnel running, 1 tunnels registered


TUNNELS
van-voice.gl.joinmc.link => 127.0.0.1:25565 (minecraft-java)
[2J8[0mplayit (v0.15.26): 1741567134440 tunnel running, 1 tunnels registered


TUNNELS
van-voice.gl.joinmc.link => 127.0.0.1:25565 (minecraft-java)
[2J8[0mplayit (v0.15.26): 1741567138168 tunnel running, 1 tunnels registered


TUNNELS
van-voice.gl.joinmc.link => 127.0.0.1:25565 (minecraft-java)
[2J8[0mplayit (v0.15.26): 1741567141478 tunnel running, 1 tunnels registered


TUNNELS
van-voice.gl.joinmc.link => 127.0.0.1:25565 (minecraft-java)
[2J8[0mplayit (v0.15.26): 1741567144874 tunnel running, 1 tunnels registered


TUNNELS
van-voice.gl.joinmc.link => 127.0.0.1:25565 (minecraft-java)
[2J8[0mplayit (v0.15.26): 1741567148432 tunnel running, 1 tunnels registered


TUNNELS
van-voice.gl.joinmc.link => 127.0.0.1:25565 (minecraft-java)
[2J8[0mplayit (v0.15.26): 1741567153839 tunnel running, 1 tunnels registered


TUNNELS
van-voice.gl.joinmc.link => 127.0.0.1:25565 (minecraft-java)
[2J8[0mplayit (v0.15.26): 1741567154726 tunnel running, 1 tunnels registered


TUNNELS
van-voice.gl.joinmc.link => 127.0.0.1:25565 (minecraft-java)
[2J8[0mplayit (v0.15.26): 1741567158051 tunnel running, 1 tunnels registered


TUNNELS
van-voice.gl.joinmc.link => 127.0.0.1:25565 (minecraft-java)
[2J8[0mplayit (v0.15.26): 1741567161540 tunnel running, 1 tunnels registered


TUNNELS
van-voice.gl.joinmc.link => 127.0.0.1:25565 (minecraft-java)
[2J8[0mplayit (v0.15.26): 1741567164895 tunnel running, 1 tunnels registered


TUNNELS
van-voice.gl.joinmc.link => 127.0.0.1:25565 (minecraft-java)
[2J8[0mplayit (v0.15.26): 1741567168504 tunnel running, 1 tunnels registered


TUNNELS
van-voice.gl.joinmc.link => 127.0.0.1:25565 (minecraft-java)
[2J8[0mplayit (v0.15.26): 1741567172530 tunnel running, 1 tunnels registered


TUNNELS
van-voice.gl.joinmc.link => 127.0.0.1:25565 (minecraft-java)
[2J8[0mplayit (v0.15.26): 1741567176004 tunnel running, 1 tunnels registered


TUNNELS
van-voice.gl.joinmc.link => 127.0.0.1:25565 (minecraft-java)
[2J8[0mplayit (v0.15.26): 1741567179489 tunnel running, 1 tunnels registered


TUNNELS
van-voice.gl.joinmc.link => 127.0.0.1:25565 (minecraft-java)
[2J8[0mplayit (v0.15.26): 1741567183106 tunnel running, 1 tunnels registered


TUNNELS
van-voice.gl.joinmc.link => 127.0.0.1:25565 (minecraft-java)
[2J8[0mplayit (v0.15.26): 1741567184903 tunnel running, 1 tunnels registered


TUNNELS
van-voice.gl.joinmc.link => 127.0.0.1:25565 (minecraft-java)
[2J8[0mplayit (v0.15.26): 1741567188212 tunnel running, 1 tunnels registered


TUNNELS
van-voice.gl.joinmc.link => 127.0.0.1:25565 (minecraft-java)
[2J8[0mplayit (v0.15.26): 1741567194006 tunnel running, 1 tunnels registered


TUNNELS
van-voice.gl.joinmc.link => 127.0.0.1:25565 (minecraft-java)
[2J8[0mplayit (v0.15.26): 1741567197319 tunnel running, 1 tunnels registered


TUNNELS
van-voice.gl.joinmc.link => 127.0.0.1:25565 (minecraft-java)
[2J8[0mplayit (v0.15.26): 1741567200930 tunnel running, 1 tunnels registered


TUNNELS
van-voice.gl.joinmc.link => 127.0.0.1:25565 (minecraft-java)
[2J8[0mplayit (v0.15.26): 1741567204356 tunnel running, 1 tunnels registered


TUNNELS
van-voice.gl.joinmc.link => 127.0.0.1:25565 (minecraft-java)
[2J8[0mplayit (v0.15.26): 1741567207768 tunnel running, 1 tunnels registered


TUNNELS
van-voice.gl.joinmc.link => 127.0.0.1:25565 (minecraft-java)
[2J8[0mplayit (v0.15.26): 1741567211130 tunnel running, 1 tunnels registered


TUNNELS
van-voice.gl.joinmc.link => 127.0.0.1:25565 (minecraft-java)
[2J8[0mplayit (v0.15.26): 1741567214437 tunnel running, 1 tunnels registered


TUNNELS
van-voice.gl.joinmc.link => 127.0.0.1:25565 (minecraft-java)
[2J8[0mplayit (v0.15.26): 1741567215792 tunnel running, 1 tunnels registered


TUNNELS
van-voice.gl.joinmc.link => 127.0.0.1:25565 (minecraft-java)
[2J8[0mplayit (v0.15.26): 1741567219214 tunnel running, 1 tunnels registered


TUNNELS
van-voice.gl.joinmc.link => 127.0.0.1:25565 (minecraft-java)
[2J8[0mplayit (v0.15.26): 1741567222514 tunnel running, 1 tunnels registered


TUNNELS
van-voice.gl.joinmc.link => 127.0.0.1:25565 (minecraft-java)
[2J8[0mplayit (v0.15.26): 1741567225950 tunnel running, 1 tunnels registered


TUNNELS
van-voice.gl.joinmc.link => 127.0.0.1:25565 (minecraft-java)
[2J8[0mplayit (v0.15.26): 1741567229488 tunnel running, 1 tunnels registered


TUNNELS
van-voice.gl.joinmc.link => 127.0.0.1:25565 (minecraft-java)
[2J8[0mplayit (v0.15.26): 1741567232842 tunnel running, 1 tunnels registered


TUNNELS
van-voice.gl.joinmc.link => 127.0.0.1:25565 (minecraft-java)
[2J8[0mplayit (v0.15.26): 1741567236635 tunnel running, 1 tunnels registered


TUNNELS
van-voice.gl.joinmc.link => 127.0.0.1:25565 (minecraft-java)
[2J8[0mplayit (v0.15.26): 1741567242204 tunnel running, 1 tunnels registered


TUNNELS
van-voice.gl.joinmc.link => 127.0.0.1:25565 (minecraft-java)
[2J8[0mplayit (v0.15.26): 1741567245551 tunnel running, 1 tunnels registered


TUNNELS
van-voice.gl.joinmc.link => 127.0.0.1:25565 (minecraft-java)
[2J8[0mplayit (v0.15.26): 1741567246701 tunnel running, 1 tunnels registered


TUNNELS
van-voice.gl.joinmc.link => 127.0.0.1:25565 (minecraft-java)
[2J8[0mplayit (v0.15.26): 1741567250458 tunnel running, 1 tunnels registered


TUNNELS
van-voice.gl.joinmc.link => 127.0.0.1:25565 (minecraft-java)
[2J8[0mplayit (v0.15.26): 1741567256015 tunnel running, 1 tunnels registered


TUNNELS
van-voice.gl.joinmc.link => 127.0.0.1:25565 (minecraft-java)
[2J8[0mplayit (v0.15.26): 1741567259984 tunnel running, 1 tunnels registered


TUNNELS
van-voice.gl.joinmc.link => 127.0.0.1:25565 (minecraft-java)
[2J8[0mplayit (v0.15.26): 1741567263740 tunnel running, 1 tunnels registered


TUNNELS
van-voice.gl.joinmc.link => 127.0.0.1:25565 (minecraft-java)
[2J8[0mplayit (v0.15.26): 1741567269380 tunnel running, 1 tunnels registered


TUNNELS
van-voice.gl.joinmc.link => 127.0.0.1:25565 (minecraft-java)
[2J8[0mplayit (v0.15.26): 1741567274670 tunnel running, 1 tunnels registered


TUNNELS
van-voice.gl.joinmc.link => 127.0.0.1:25565 (minecraft-java)
[2J8[0mplayit (v0.15.26): 1741567275905 tunnel running, 1 tunnels registered


TUNNELS
van-voice.gl.joinmc.link => 127.0.0.1:25565 (minecraft-java)
[2J8[0mplayit (v0.15.26): 1741567279748 tunnel running, 1 tunnels registered


TUNNELS
van-voice.gl.joinmc.link => 127.0.0.1:25565 (minecraft-java)
[2J8[0mplayit (v0.15.26): 1741567283185 tunnel running, 1 tunnels registered


TUNNELS
van-voice.gl.joinmc.link => 127.0.0.1:25565 (minecraft-java)
[2J8[0mplayit (v0.15.26): 1741567286580 tunnel running, 1 tunnels registered


TUNNELS
van-voice.gl.joinmc.link => 127.0.0.1:25565 (minecraft-java)
[2J8[0mplayit (v0.15.26): 1741567290072 tunnel running, 1 tunnels registered


TUNNELS
van-voice.gl.joinmc.link => 127.0.0.1:25565 (minecraft-java)
[2J8[0mplayit (v0.15.26): 1741567293578 tunnel running, 1 tunnels registered


TUNNELS
van-voice.gl.joinmc.link => 127.0.0.1:25565 (minecraft-java)
[2J8[0mplayit (v0.15.26): 1741567297008 tunnel running, 1 tunnels registered


TUNNELS
van-voice.gl.joinmc.link => 127.0.0.1:25565 (minecraft-java)
[2J8[0mplayit (v0.15.26): 1741567300969 tunnel running, 1 tunnels registered


TUNNELS
van-voice.gl.joinmc.link => 127.0.0.1:25565 (minecraft-java)
[2J8[0mplayit (v0.15.26): 1741567304337 tunnel running, 1 tunnels registered


TUNNELS
van-voice.gl.joinmc.link => 127.0.0.1:25565 (minecraft-java)
[2J8[0mplayit (v0.15.26): 1741567305252 tunnel running, 1 tunnels registered


TUNNELS
van-voice.gl.joinmc.link => 127.0.0.1:25565 (minecraft-java)
[2J8[0mplayit (v0.15.26): 1741567308994 tunnel running, 1 tunnels registered


TUNNELS
van-voice.gl.joinmc.link => 127.0.0.1:25565 (minecraft-java)
[2J8[0mplayit (v0.15.26): 1741567312671 tunnel running, 1 tunnels registered


TUNNELS
van-voice.gl.joinmc.link => 127.0.0.1:25565 (minecraft-java)
[2J8[0mplayit (v0.15.26): 1741567316089 tunnel running, 1 tunnels registered


TUNNELS
van-voice.gl.joinmc.link => 127.0.0.1:25565 (minecraft-java)
[2J8[0mplayit (v0.15.26): 1741567319531 tunnel running, 1 tunnels registered


TUNNELS
van-voice.gl.joinmc.link => 127.0.0.1:25565 (minecraft-java)
[2J8[0mplayit (v0.15.26): 1741567322942 tunnel running, 1 tunnels registered


TUNNELS
van-voice.gl.joinmc.link => 127.0.0.1:25565 (minecraft-java)
[2J8[0mplayit (v0.15.26): 1741567326313 tunnel running, 1 tunnels registered


TUNNELS
van-voice.gl.joinmc.link => 127.0.0.1:25565 (minecraft-java)
[2J8[0mplayit (v0.15.26): 1741567331868 tunnel running, 1 tunnels registered


TUNNELS
van-voice.gl.joinmc.link => 127.0.0.1:25565 (minecraft-java)
[2J8[0mplayit (v0.15.26): 1741567333517 tunnel running, 1 tunnels registered


TUNNELS
van-voice.gl.joinmc.link => 127.0.0.1:25565 (minecraft-java)
[2J8[0mplayit (v0.15.26): 1741567336868 tunnel running, 1 tunnels registered


TUNNELS
van-voice.gl.joinmc.link => 127.0.0.1:25565 (minecraft-java)
[2J8[0mplayit (v0.15.26): 1741567340196 tunnel running, 1 tunnels registered


TUNNELS
van-voice.gl.joinmc.link => 127.0.0.1:25565 (minecraft-java)
[2J8[0mplayit (v0.15.26): 1741567343976 tunnel running, 1 tunnels registered


TUNNELS
van-voice.gl.joinmc.link => 127.0.0.1:25565 (minecraft-java)
[2J8[0mplayit (v0.15.26): 1741567347616 tunnel running, 1 tunnels registered


TUNNELS
van-voice.gl.joinmc.link => 127.0.0.1:25565 (minecraft-java)
[2J8[0mplayit (v0.15.26): 1741567350962 tunnel running, 1 tunnels registered


TUNNELS
van-voice.gl.joinmc.link => 127.0.0.1:25565 (minecraft-java)
[2J8[0mplayit (v0.15.26): 1741567354555 tunnel running, 1 tunnels registered


TUNNELS
van-voice.gl.joinmc.link => 127.0.0.1:25565 (minecraft-java)
[2J8[0mplayit (v0.15.26): 1741567357873 tunnel running, 1 tunnels registered


TUNNELS
van-voice.gl.joinmc.link => 127.0.0.1:25565 (minecraft-java)
[2J8[0mplayit (v0.15.26): 1741567361337 tunnel running, 1 tunnels registered


TUNNELS
van-voice.gl.joinmc.link => 127.0.0.1:25565 (minecraft-java)
[2J8[0mplayit (v0.15.26): 1741567364814 tunnel running, 1 tunnels registered


TUNNELS
van-voice.gl.joinmc.link => 127.0.0.1:25565 (minecraft-java)
[2J8[0mplayit (v0.15.26): 1741567365696 tunnel running, 1 tunnels registered


TUNNELS
van-voice.gl.joinmc.link => 127.0.0.1:25565 (minecraft-java)
[2J8[0mplayit (v0.15.26): 1741567369502 tunnel running, 1 tunnels registered


TUNNELS
van-voice.gl.joinmc.link => 127.0.0.1:25565 (minecraft-java)
[2J8[0mplayit (v0.15.26): 1741567374747 tunnel running, 1 tunnels registered


TUNNELS
van-voice.gl.joinmc.link => 127.0.0.1:25565 (minecraft-java)
[2J8[0mplayit (v0.15.26): 1741567378364 tunnel running, 1 tunnels registered


TUNNELS
van-voice.gl.joinmc.link => 127.0.0.1:25565 (minecraft-java)
[2J8[0mplayit (v0.15.26): 1741567381720 tunnel running, 1 tunnels registered


TUNNELS
van-voice.gl.joinmc.link => 127.0.0.1:25565 (minecraft-java)
[2J8[0mplayit (v0.15.26): 1741567386421 tunnel running, 1 tunnels registered


TUNNELS
van-voice.gl.joinmc.link => 127.0.0.1:25565 (minecraft-java)
[2J8[0mplayit (v0.15.26): 1741567390182 tunnel running, 1 tunnels registered


TUNNELS
van-voice.gl.joinmc.link => 127.0.0.1:25565 (minecraft-java)
[2J8[0mplayit (v0.15.26): 1741567393513 tunnel running, 1 tunnels registered


TUNNELS
van-voice.gl.joinmc.link => 127.0.0.1:25565 (minecraft-java)
[2J8[0mplayit (v0.15.26): 1741567394336 tunnel running, 1 tunnels registered


TUNNELS
van-voice.gl.joinmc.link => 127.0.0.1:25565 (minecraft-java)
[2J8[0mplayit (v0.15.26): 1741567398185 tunnel running, 1 tunnels registered


TUNNELS
van-voice.gl.joinmc.link => 127.0.0.1:25565 (minecraft-java)
[2J8[0mplayit (v0.15.26): 1741567401727 tunnel running, 1 tunnels registered


TUNNELS
van-voice.gl.joinmc.link => 127.0.0.1:25565 (minecraft-java)
[2J8[0mplayit (v0.15.26): 1741567405093 tunnel running, 1 tunnels registered


TUNNELS
van-voice.gl.joinmc.link => 127.0.0.1:25565 (minecraft-java)
[2J8[0mplayit (v0.15.26): 1741567408833 tunnel running, 1 tunnels registered


TUNNELS
van-voice.gl.joinmc.link => 127.0.0.1:25565 (minecraft-java)
[2J8[0mplayit (v0.15.26): 1741567412163 tunnel running, 1 tunnels registered


TUNNELS
van-voice.gl.joinmc.link => 127.0.0.1:25565 (minecraft-java)
[2J8[0mplayit (v0.15.26): 1741567415517 tunnel running, 1 tunnels registered


TUNNELS
van-voice.gl.joinmc.link => 127.0.0.1:25565 (minecraft-java)
[2J8[0mplayit (v0.15.26): 1741567419066 tunnel running, 1 tunnels registered


TUNNELS
van-voice.gl.joinmc.link => 127.0.0.1:25565 (minecraft-java)
[2J8[0mplayit (v0.15.26): 1741567422523 tunnel running, 1 tunnels registered


TUNNELS
van-voice.gl.joinmc.link => 127.0.0.1:25565 (minecraft-java)
[2J8[0mplayit (v0.15.26): 1741567423451 tunnel running, 1 tunnels registered


TUNNELS
van-voice.gl.joinmc.link => 127.0.0.1:25565 (minecraft-java)
[2J8[0mplayit (v0.15.26): 1741567427493 tunnel running, 1 tunnels registered


TUNNELS
van-voice.gl.joinmc.link => 127.0.0.1:25565 (minecraft-java)
[2J8[0mplayit (v0.15.26): 1741567430874 tunnel running, 1 tunnels registered


TUNNELS
van-voice.gl.joinmc.link => 127.0.0.1:25565 (minecraft-java)
[2J8[0mplayit (v0.15.26): 1741567434481 tunnel running, 1 tunnels registered


TUNNELS
van-voice.gl.joinmc.link => 127.0.0.1:25565 (minecraft-java)
[2J8[0mplayit (v0.15.26): 1741567438296 tunnel running, 1 tunnels registered


TUNNELS
van-voice.gl.joinmc.link => 127.0.0.1:25565 (minecraft-java)
[2J8[0mplayit (v0.15.26): 1741567441896 tunnel running, 1 tunnels registered


TUNNELS
van-voice.gl.joinmc.link => 127.0.0.1:25565 (minecraft-java)
[2J8[0mplayit (v0.15.26): 1741567445438 tunnel running, 1 tunnels registered


TUNNELS
van-voice.gl.joinmc.link => 127.0.0.1:25565 (minecraft-java)
[2J8[0mplayit (v0.15.26): 1741567448796 tunnel running, 1 tunnels registered


TUNNELS
van-voice.gl.joinmc.link => 127.0.0.1:25565 (minecraft-java)
[2J8[0mplayit (v0.15.26): 1741567452092 tunnel running, 1 tunnels registered


TUNNELS
van-voice.gl.joinmc.link => 127.0.0.1:25565 (minecraft-java)
[2J8[0mplayit (v0.15.26): 1741567453348 tunnel running, 1 tunnels registered


TUNNELS
van-voice.gl.joinmc.link => 127.0.0.1:25565 (minecraft-java)
[2J8[0mplayit (v0.15.26): 1741567456970 tunnel running, 1 tunnels registered


TUNNELS
van-voice.gl.joinmc.link => 127.0.0.1:25565 (minecraft-java)
[2J8[0mplayit (v0.15.26): 1741567460495 tunnel running, 1 tunnels registered


TUNNELS
van-voice.gl.joinmc.link => 127.0.0.1:25565 (minecraft-java)
[2J8[0mplayit (v0.15.26): 1741567464819 tunnel running, 1 tunnels registered


TUNNELS
van-voice.gl.joinmc.link => 127.0.0.1:25565 (minecraft-java)
[2J8[0mplayit (v0.15.26): 1741567468428 tunnel running, 1 tunnels registered


TUNNELS
van-voice.gl.joinmc.link => 127.0.0.1:25565 (minecraft-java)
[2J8[0mplayit (v0.15.26): 1741567473733 tunnel running, 1 tunnels registered


TUNNELS
van-voice.gl.joinmc.link => 127.0.0.1:25565 (minecraft-java)
[2J8[0mplayit (v0.15.26): 1741567477351 tunnel running, 1 tunnels registered


TUNNELS
van-voice.gl.joinmc.link => 127.0.0.1:25565 (minecraft-java)
[2J8[0mplayit (v0.15.26): 1741567482485 tunnel running, 1 tunnels registered


TUNNELS
van-voice.gl.joinmc.link => 127.0.0.1:25565 (minecraft-java)
[2J8[0mplayit (v0.15.26): 1741567483601 tunnel running, 1 tunnels registered


TUNNELS
van-voice.gl.joinmc.link => 127.0.0.1:25565 (minecraft-java)
[2J8[0mplayit (v0.15.26): 1741567487136 tunnel running, 1 tunnels registered


TUNNELS
van-voice.gl.joinmc.link => 127.0.0.1:25565 (minecraft-java)
[2J8[0mplayit (v0.15.26): 1741567490559 tunnel running, 1 tunnels registered


TUNNELS
van-voice.gl.joinmc.link => 127.0.0.1:25565 (minecraft-java)
[2J8[0mplayit (v0.15.26): 1741567494082 tunnel running, 1 tunnels registered


TUNNELS
van-voice.gl.joinmc.link => 127.0.0.1:25565 (minecraft-java)
[2J8[0mplayit (v0.15.26): 1741567498044 tunnel running, 1 tunnels registered


TUNNELS
van-voice.gl.joinmc.link => 127.0.0.1:25565 (minecraft-java)
[2J8[0mplayit (v0.15.26): 1741567501449 tunnel running, 1 tunnels registered


TUNNELS
van-voice.gl.joinmc.link => 127.0.0.1:25565 (minecraft-java)
[2J8[0mplayit (v0.15.26): 1741567504777 tunnel running, 1 tunnels registered


TUNNELS
van-voice.gl.joinmc.link => 127.0.0.1:25565 (minecraft-java)
[2J8[0mplayit (v0.15.26): 1741567508111 tunnel running, 1 tunnels registered


TUNNELS
van-voice.gl.joinmc.link => 127.0.0.1:25565 (minecraft-java)
[2J8[0mplayit (v0.15.26): 1741567511553 tunnel running, 1 tunnels registered


TUNNELS
van-voice.gl.joinmc.link => 127.0.0.1:25565 (minecraft-java)
[2J8[0mplayit (v0.15.26): 1741567512509 tunnel running, 1 tunnels registered


TUNNELS
van-voice.gl.joinmc.link => 127.0.0.1:25565 (minecraft-java)
[2J8[0mplayit (v0.15.26): 1741567515934 tunnel running, 1 tunnels registered


TUNNELS
van-voice.gl.joinmc.link => 127.0.0.1:25565 (minecraft-java)
[2J8[0mplayit (v0.15.26): 1741567519412 tunnel running, 1 tunnels registered


TUNNELS
van-voice.gl.joinmc.link => 127.0.0.1:25565 (minecraft-java)
[2J8[0mplayit (v0.15.26): 1741567522819 tunnel running, 1 tunnels registered


TUNNELS
van-voice.gl.joinmc.link => 127.0.0.1:25565 (minecraft-java)
[2J8[0mplayit (v0.15.26): 1741567526315 tunnel running, 1 tunnels registered


TUNNELS
van-voice.gl.joinmc.link => 127.0.0.1:25565 (minecraft-java)
[2J8[0mplayit (v0.15.26): 1741567529611 tunnel running, 1 tunnels registered


TUNNELS
van-voice.gl.joinmc.link => 127.0.0.1:25565 (minecraft-java)
[2J8[0mplayit (v0.15.26): 1741567533245 tunnel running, 1 tunnels registered


TUNNELS
van-voice.gl.joinmc.link => 127.0.0.1:25565 (minecraft-java)
[2J8[0mplayit (v0.15.26): 1741567536620 tunnel running, 1 tunnels registered


TUNNELS
van-voice.gl.joinmc.link => 127.0.0.1:25565 (minecraft-java)
[2J8[0mplayit (v0.15.26): 1741567540174 tunnel running, 1 tunnels registered


TUNNELS
van-voice.gl.joinmc.link => 127.0.0.1:25565 (minecraft-java)
[2J8[0mplayit (v0.15.26): 1741567543585 tunnel running, 1 tunnels registered


TUNNELS
van-voice.gl.joinmc.link => 127.0.0.1:25565 (minecraft-java)
[2J8[0mplayit (v0.15.26): 1741567544738 tunnel running, 1 tunnels registered


TUNNELS
van-voice.gl.joinmc.link => 127.0.0.1:25565 (minecraft-java)
[2J8[0mplayit (v0.15.26): 1741567548462 tunnel running, 1 tunnels registered


TUNNELS
van-voice.gl.joinmc.link => 127.0.0.1:25565 (minecraft-java)
[2J8[0mplayit (v0.15.26): 1741567551786 tunnel running, 1 tunnels registered


TUNNELS
van-voice.gl.joinmc.link => 127.0.0.1:25565 (minecraft-java)
[2J8[0mplayit (v0.15.26): 1741567555111 tunnel running, 1 tunnels registered


TUNNELS
van-voice.gl.joinmc.link => 127.0.0.1:25565 (minecraft-java)
[2J8[0mplayit (v0.15.26): 1741567558450 tunnel running, 1 tunnels registered


TUNNELS
van-voice.gl.joinmc.link => 127.0.0.1:25565 (minecraft-java)
[2J8[0mplayit (v0.15.26): 1741567562581 tunnel running, 1 tunnels registered


TUNNELS
van-voice.gl.joinmc.link => 127.0.0.1:25565 (minecraft-java)
[2J8[0mplayit (v0.15.26): 1741567565965 tunnel running, 1 tunnels registered


TUNNELS
van-voice.gl.joinmc.link => 127.0.0.1:25565 (minecraft-java)
[2J8[0mplayit (v0.15.26): 1741567569657 tunnel running, 1 tunnels registered


TUNNELS
van-voice.gl.joinmc.link => 127.0.0.1:25565 (minecraft-java)
[2J8[0mplayit (v0.15.26): 1741567571121 tunnel running, 1 tunnels registered


TUNNELS
van-voice.gl.joinmc.link => 127.0.0.1:25565 (minecraft-java)
[2J8[0mplayit (v0.15.26): 1741567574960 tunnel running, 1 tunnels registered


TUNNELS
van-voice.gl.joinmc.link => 127.0.0.1:25565 (minecraft-java)
[2J8[0mplayit (v0.15.26): 1741567578836 tunnel running, 1 tunnels registered


TUNNELS
van-voice.gl.joinmc.link => 127.0.0.1:25565 (minecraft-java)
[2J8[0mplayit (v0.15.26): 1741567582343 tunnel running, 1 tunnels registered


TUNNELS
van-voice.gl.joinmc.link => 127.0.0.1:25565 (minecraft-java)
[2J8[0mplayit (v0.15.26): 1741567586184 tunnel running, 1 tunnels registered


TUNNELS
van-voice.gl.joinmc.link => 127.0.0.1:25565 (minecraft-java)
[2J8[0mplayit (v0.15.26): 1741567589493 tunnel running, 1 tunnels registered


TUNNELS
van-voice.gl.joinmc.link => 127.0.0.1:25565 (minecraft-java)
[2J8[0mplayit (v0.15.26): 1741567592892 tunnel running, 1 tunnels registered


TUNNELS
van-voice.gl.joinmc.link => 127.0.0.1:25565 (minecraft-java)
[2J8[0mplayit (v0.15.26): 1741567596677 tunnel running, 1 tunnels registered


TUNNELS
van-voice.gl.joinmc.link => 127.0.0.1:25565 (minecraft-java)
[2J8[0mplayit (v0.15.26): 1741567600449 tunnel running, 1 tunnels registered


TUNNELS
van-voice.gl.joinmc.link => 127.0.0.1:25565 (minecraft-java)
[2J8[0mplayit (v0.15.26): 1741567601404 tunnel running, 1 tunnels registered


TUNNELS
van-voice.gl.joinmc.link => 127.0.0.1:25565 (minecraft-java)
[2J8[0mplayit (v0.15.26): 1741567604768 tunnel running, 1 tunnels registered


TUNNELS
van-voice.gl.joinmc.link => 127.0.0.1:25565 (minecraft-java)
[2J8[0mplayit (v0.15.26): 1741567608383 tunnel running, 1 tunnels registered


TUNNELS
van-voice.gl.joinmc.link => 127.0.0.1:25565 (minecraft-java)
[2J8[0mplayit (v0.15.26): 1741567612307 tunnel running, 1 tunnels registered


TUNNELS
van-voice.gl.joinmc.link => 127.0.0.1:25565 (minecraft-java)
[2J8[0mplayit (v0.15.26): 1741567615681 tunnel running, 1 tunnels registered


TUNNELS
van-voice.gl.joinmc.link => 127.0.0.1:25565 (minecraft-java)
[2J8[0mplayit (v0.15.26): 1741567619032 tunnel running, 1 tunnels registered


TUNNELS
van-voice.gl.joinmc.link => 127.0.0.1:25565 (minecraft-java)
[2J8[0mplayit (v0.15.26): 1741567622531 tunnel running, 1 tunnels registered


TUNNELS
van-voice.gl.joinmc.link => 127.0.0.1:25565 (minecraft-java)
[2J8[0mplayit (v0.15.26): 1741567628646 tunnel running, 1 tunnels registered


TUNNELS
van-voice.gl.joinmc.link => 127.0.0.1:25565 (minecraft-java)
[2J8[0mplayit (v0.15.26): 1741567632227 tunnel running, 1 tunnels registered


TUNNELS
van-voice.gl.joinmc.link => 127.0.0.1:25565 (minecraft-java)
[2J8[0mplayit (v0.15.26): 1741567633418 tunnel running, 1 tunnels registered


TUNNELS
van-voice.gl.joinmc.link => 127.0.0.1:25565 (minecraft-java)
[2J8[0mplayit (v0.15.26): 1741567636736 tunnel running, 1 tunnels registered


TUNNELS
van-voice.gl.joinmc.link => 127.0.0.1:25565 (minecraft-java)
[2J8[0mplayit (v0.15.26): 1741567640084 tunnel running, 1 tunnels registered


TUNNELS
van-voice.gl.joinmc.link => 127.0.0.1:25565 (minecraft-java)
[2J8[0mplayit (v0.15.26): 1741567643604 tunnel running, 1 tunnels registered


TUNNELS
van-voice.gl.joinmc.link => 127.0.0.1:25565 (minecraft-java)
[2J8[0mplayit (v0.15.26): 1741567647424 tunnel running, 1 tunnels registered


TUNNELS
van-voice.gl.joinmc.link => 127.0.0.1:25565 (minecraft-java)
[2J8[0mplayit (v0.15.26): 1741567650899 tunnel running, 1 tunnels registered


TUNNELS
van-voice.gl.joinmc.link => 127.0.0.1:25565 (minecraft-java)
[2J8[0mplayit (v0.15.26): 1741567654587 tunnel running, 1 tunnels registered


TUNNELS
van-voice.gl.joinmc.link => 127.0.0.1:25565 (minecraft-java)
[2J8[0mplayit (v0.15.26): 1741567658070 tunnel running, 1 tunnels registered


TUNNELS
van-voice.gl.joinmc.link => 127.0.0.1:25565 (minecraft-java)
[2J8[0mplayit (v0.15.26): 1741567661392 tunnel running, 1 tunnels registered


TUNNELS
van-voice.gl.joinmc.link => 127.0.0.1:25565 (minecraft-java)
[2J8[0mplayit (v0.15.26): 1741567662512 tunnel running, 1 tunnels registered


TUNNELS
van-voice.gl.joinmc.link => 127.0.0.1:25565 (minecraft-java)
[2J8[0mplayit (v0.15.26): 1741567665954 tunnel running, 1 tunnels registered


TUNNELS
van-voice.gl.joinmc.link => 127.0.0.1:25565 (minecraft-java)
[2J8[0mplayit (v0.15.26): 1741567669359 tunnel running, 1 tunnels registered


TUNNELS
van-voice.gl.joinmc.link => 127.0.0.1:25565 (minecraft-java)
[2J8[0mplayit (v0.15.26): 1741567672793 tunnel running, 1 tunnels registered


TUNNELS
van-voice.gl.joinmc.link => 127.0.0.1:25565 (minecraft-java)
[2J8[0mplayit (v0.15.26): 1741567676350 tunnel running, 1 tunnels registered


TUNNELS
van-voice.gl.joinmc.link => 127.0.0.1:25565 (minecraft-java)
[2J8[0mplayit (v0.15.26): 1741567680121 tunnel running, 1 tunnels registered


TUNNELS
van-voice.gl.joinmc.link => 127.0.0.1:25565 (minecraft-java)
[2J8[0mplayit (v0.15.26): 1741567684128 tunnel running, 1 tunnels registered


TUNNELS
van-voice.gl.joinmc.link => 127.0.0.1:25565 (minecraft-java)
[2J8[0mplayit (v0.15.26): 1741567688746 tunnel running, 1 tunnels registered


TUNNELS
van-voice.gl.joinmc.link => 127.0.0.1:25565 (minecraft-java)
[2J8[0mplayit (v0.15.26): 1741567692420 tunnel running, 1 tunnels registered


TUNNELS
van-voice.gl.joinmc.link => 127.0.0.1:25565 (minecraft-java)
[2J8[0mplayit (v0.15.26): 1741567693669 tunnel running, 1 tunnels registered


TUNNELS
van-voice.gl.joinmc.link => 127.0.0.1:25565 (minecraft-java)
[2J8[0mplayit (v0.15.26): 1741567697011 tunnel running, 1 tunnels registered


TUNNELS
van-voice.gl.joinmc.link => 127.0.0.1:25565 (minecraft-java)
[2J8[0mplayit (v0.15.26): 1741567700364 tunnel running, 1 tunnels registered


TUNNELS
van-voice.gl.joinmc.link => 127.0.0.1:25565 (minecraft-java)
[2J8[0mplayit (v0.15.26): 1741567703926 tunnel running, 1 tunnels registered


TUNNELS
van-voice.gl.joinmc.link => 127.0.0.1:25565 (minecraft-java)
[2J8[0mplayit (v0.15.26): 1741567707267 tunnel running, 1 tunnels registered


TUNNELS
van-voice.gl.joinmc.link => 127.0.0.1:25565 (minecraft-java)
[2J8[0mplayit (v0.15.26): 1741567710576 tunnel running, 1 tunnels registered


TUNNELS
van-voice.gl.joinmc.link => 127.0.0.1:25565 (minecraft-java)
[2J8[0mplayit (v0.15.26): 1741567714007 tunnel running, 1 tunnels registered


TUNNELS
van-voice.gl.joinmc.link => 127.0.0.1:25565 (minecraft-java)
[2J8[0mplayit (v0.15.26): 1741567717500 tunnel running, 1 tunnels registered


TUNNELS
van-voice.gl.joinmc.link => 127.0.0.1:25565 (minecraft-java)
[2J8[0mplayit (v0.15.26): 1741567721218 tunnel running, 1 tunnels registered


TUNNELS
van-voice.gl.joinmc.link => 127.0.0.1:25565 (minecraft-java)
[2J8[0mplayit (v0.15.26): 1741567722443 tunnel running, 1 tunnels registered


TUNNELS
van-voice.gl.joinmc.link => 127.0.0.1:25565 (minecraft-java)
[2J8[0mplayit (v0.15.26): 1741567725818 tunnel running, 1 tunnels registered


TUNNELS
van-voice.gl.joinmc.link => 127.0.0.1:25565 (minecraft-java)
[2J8[0mplayit (v0.15.26): 1741567731154 tunnel running, 1 tunnels registered


TUNNELS
van-voice.gl.joinmc.link => 127.0.0.1:25565 (minecraft-java)
[2J8[0mplayit (v0.15.26): 1741567734478 tunnel running, 1 tunnels registered


TUNNELS
van-voice.gl.joinmc.link => 127.0.0.1:25565 (minecraft-java)
[2J8[0mplayit (v0.15.26): 1741567740312 tunnel running, 1 tunnels registered


TUNNELS
van-voice.gl.joinmc.link => 127.0.0.1:25565 (minecraft-java)
[2J8[0mplayit (v0.15.26): 1741567743644 tunnel running, 1 tunnels registered


TUNNELS
van-voice.gl.joinmc.link => 127.0.0.1:25565 (minecraft-java)
[2J8[0mplayit (v0.15.26): 1741567747275 tunnel running, 1 tunnels registered


TUNNELS
van-voice.gl.joinmc.link => 127.0.0.1:25565 (minecraft-java)
[2J8[0mplayit (v0.15.26): 1741567751585 tunnel running, 1 tunnels registered


TUNNELS
van-voice.gl.joinmc.link => 127.0.0.1:25565 (minecraft-java)
[2J8[0mplayit (v0.15.26): 1741567752930 tunnel running, 1 tunnels registered


TUNNELS
van-voice.gl.joinmc.link => 127.0.0.1:25565 (minecraft-java)
[2J8[0mplayit (v0.15.26): 1741567756782 tunnel running, 1 tunnels registered


TUNNELS
van-voice.gl.joinmc.link => 127.0.0.1:25565 (minecraft-java)
[2J8[0mplayit (v0.15.26): 1741567760113 tunnel running, 1 tunnels registered


TUNNELS
van-voice.gl.joinmc.link => 127.0.0.1:25565 (minecraft-java)
[2J8[0mplayit (v0.15.26): 1741567763828 tunnel running, 1 tunnels registered


TUNNELS
van-voice.gl.joinmc.link => 127.0.0.1:25565 (minecraft-java)
[2J8[0mplayit (v0.15.26): 1741567767604 tunnel running, 1 tunnels registered


TUNNELS
van-voice.gl.joinmc.link => 127.0.0.1:25565 (minecraft-java)
[2J8[0mplayit (v0.15.26): 1741567770940 tunnel running, 1 tunnels registered


TUNNELS
van-voice.gl.joinmc.link => 127.0.0.1:25565 (minecraft-java)
[2J8[0mplayit (v0.15.26): 1741567774530 tunnel running, 1 tunnels registered


TUNNELS
van-voice.gl.joinmc.link => 127.0.0.1:25565 (minecraft-java)
[2J8[0mplayit (v0.15.26): 1741567777940 tunnel running, 1 tunnels registered


TUNNELS
van-voice.gl.joinmc.link => 127.0.0.1:25565 (minecraft-java)
[2J8[0mplayit (v0.15.26): 1741567781338 tunnel running, 1 tunnels registered


TUNNELS
van-voice.gl.joinmc.link => 127.0.0.1:25565 (minecraft-java)
[2J8[0mplayit (v0.15.26): 1741567782324 tunnel running, 1 tunnels registered


TUNNELS
van-voice.gl.joinmc.link => 127.0.0.1:25565 (minecraft-java)
[2J8[0mplayit (v0.15.26): 1741567785654 tunnel running, 1 tunnels registered


TUNNELS
van-voice.gl.joinmc.link => 127.0.0.1:25565 (minecraft-java)
[2J8[0mplayit (v0.15.26): 1741567789330 tunnel running, 1 tunnels registered


TUNNELS
van-voice.gl.joinmc.link => 127.0.0.1:25565 (minecraft-java)
[2J8[0mplayit (v0.15.26): 1741567792664 tunnel running, 1 tunnels registered


TUNNELS
van-voice.gl.joinmc.link => 127.0.0.1:25565 (minecraft-java)
[2J8[0mplayit (v0.15.26): 1741567796375 tunnel running, 1 tunnels registered


TUNNELS
van-voice.gl.joinmc.link => 127.0.0.1:25565 (minecraft-java)
[2J8[0mplayit (v0.15.26): 1741567800067 tunnel running, 1 tunnels registered


TUNNELS
van-voice.gl.joinmc.link => 127.0.0.1:25565 (minecraft-java)
[2J8[0mplayit (v0.15.26): 1741567803452 tunnel running, 1 tunnels registered


TUNNELS
van-voice.gl.joinmc.link => 127.0.0.1:25565 (minecraft-java)
[2J8[0mplayit (v0.15.26): 1741567807030 tunnel running, 1 tunnels registered


TUNNELS
van-voice.gl.joinmc.link => 127.0.0.1:25565 (minecraft-java)
[2J8[0mplayit (v0.15.26): 1741567810740 tunnel running, 1 tunnels registered


TUNNELS
van-voice.gl.joinmc.link => 127.0.0.1:25565 (minecraft-java)
[2J8[0mplayit (v0.15.26): 1741567813540 tunnel running, 1 tunnels registered


TUNNELS
van-voice.gl.joinmc.link => 127.0.0.1:25565 (minecraft-java)
[2J8[0mplayit (v0.15.26): 1741567816867 tunnel running, 1 tunnels registered


TUNNELS
van-voice.gl.joinmc.link => 127.0.0.1:25565 (minecraft-java)
[2J8[0mplayit (v0.15.26): 1741567820254 tunnel running, 1 tunnels registered


TUNNELS
van-voice.gl.joinmc.link => 127.0.0.1:25565 (minecraft-java)
[2J8[0mplayit (v0.15.26): 1741567824178 tunnel running, 1 tunnels registered


TUNNELS
van-voice.gl.joinmc.link => 127.0.0.1:25565 (minecraft-java)
[2J8[0mplayit (v0.15.26): 1741567827997 tunnel running, 1 tunnels registered


TUNNELS
van-voice.gl.joinmc.link => 127.0.0.1:25565 (minecraft-java)
[2J8[0mplayit (v0.15.26): 1741567831418 tunnel running, 1 tunnels registered


TUNNELS
van-voice.gl.joinmc.link => 127.0.0.1:25565 (minecraft-java)
[2J8[0mplayit (v0.15.26): 1741567834763 tunnel running, 1 tunnels registered


TUNNELS
van-voice.gl.joinmc.link => 127.0.0.1:25565 (minecraft-java)
[2J8[0mplayit (v0.15.26): 1741567838870 tunnel running, 1 tunnels registered


TUNNELS
van-voice.gl.joinmc.link => 127.0.0.1:25565 (minecraft-java)
[2J8[0mplayit (v0.15.26): 1741567840048 tunnel running, 1 tunnels registered


TUNNELS
van-voice.gl.joinmc.link => 127.0.0.1:25565 (minecraft-java)
[2J8[0mplayit (v0.15.26): 1741567843797 tunnel running, 1 tunnels registered


TUNNELS
van-voice.gl.joinmc.link => 127.0.0.1:25565 (minecraft-java)
[2J8[0mplayit (v0.15.26): 1741567847369 tunnel running, 1 tunnels registered


TUNNELS
van-voice.gl.joinmc.link => 127.0.0.1:25565 (minecraft-java)
[2J8[0mplayit (v0.15.26): 1741567850851 tunnel running, 1 tunnels registered


TUNNELS
van-voice.gl.joinmc.link => 127.0.0.1:25565 (minecraft-java)
[2J8[0mplayit (v0.15.26): 1741567854525 tunnel running, 1 tunnels registered


TUNNELS
van-voice.gl.joinmc.link => 127.0.0.1:25565 (minecraft-java)
[2J8[0mplayit (v0.15.26): 1741567858454 tunnel running, 1 tunnels registered


TUNNELS
van-voice.gl.joinmc.link => 127.0.0.1:25565 (minecraft-java)
[2J8[0mplayit (v0.15.26): 1741567861800 tunnel running, 1 tunnels registered


TUNNELS
van-voice.gl.joinmc.link => 127.0.0.1:25565 (minecraft-java)
[2J8[0mplayit (v0.15.26): 1741567865149 tunnel running, 1 tunnels registered


TUNNELS
van-voice.gl.joinmc.link => 127.0.0.1:25565 (minecraft-java)
[2J8[0mplayit (v0.15.26): 1741567868772 tunnel running, 1 tunnels registered


TUNNELS
van-voice.gl.joinmc.link => 127.0.0.1:25565 (minecraft-java)
[2J8[0mplayit (v0.15.26): 1741567869868 tunnel running, 1 tunnels registered


TUNNELS
van-voice.gl.joinmc.link => 127.0.0.1:25565 (minecraft-java)
[2J8[0mplayit (v0.15.26): 1741567873574 tunnel running, 1 tunnels registered


TUNNELS
van-voice.gl.joinmc.link => 127.0.0.1:25565 (minecraft-java)
[2J8[0mplayit (v0.15.26): 1741567877371 tunnel running, 1 tunnels registered


TUNNELS
van-voice.gl.joinmc.link => 127.0.0.1:25565 (minecraft-java)
[2J8[0mplayit (v0.15.26): 1741567881068 tunnel running, 1 tunnels registered


TUNNELS
van-voice.gl.joinmc.link => 127.0.0.1:25565 (minecraft-java)
[2J8[0mplayit (v0.15.26): 1741567884475 tunnel running, 1 tunnels registered


TUNNELS
van-voice.gl.joinmc.link => 127.0.0.1:25565 (minecraft-java)
[2J8[0mplayit (v0.15.26): 1741567888217 tunnel running, 1 tunnels registered


TUNNELS
van-voice.gl.joinmc.link => 127.0.0.1:25565 (minecraft-java)
[2J8[0mplayit (v0.15.26): 1741567891599 tunnel running, 1 tunnels registered


TUNNELS
van-voice.gl.joinmc.link => 127.0.0.1:25565 (minecraft-java)
[2J8[0mplayit (v0.15.26): 1741567895456 tunnel running, 1 tunnels registered


TUNNELS
van-voice.gl.joinmc.link => 127.0.0.1:25565 (minecraft-java)
[2J8[0mplayit (v0.15.26): 1741567898847 tunnel running, 1 tunnels registered


TUNNELS
van-voice.gl.joinmc.link => 127.0.0.1:25565 (minecraft-java)
[2J8[0mplayit (v0.15.26): 1741567899805 tunnel running, 1 tunnels registered


TUNNELS
van-voice.gl.joinmc.link => 127.0.0.1:25565 (minecraft-java)
[2J8[0mplayit (v0.15.26): 1741567903752 tunnel running, 1 tunnels registered


TUNNELS
van-voice.gl.joinmc.link => 127.0.0.1:25565 (minecraft-java)
[2J8[0mplayit (v0.15.26): 1741567907274 tunnel running, 1 tunnels registered


TUNNELS
van-voice.gl.joinmc.link => 127.0.0.1:25565 (minecraft-java)
[2J8[0mplayit (v0.15.26): 1741567910941 tunnel running, 1 tunnels registered


TUNNELS
van-voice.gl.joinmc.link => 127.0.0.1:25565 (minecraft-java)
[2J8[0mplayit (v0.15.26): 1741567914276 tunnel running, 1 tunnels registered


TUNNELS
van-voice.gl.joinmc.link => 127.0.0.1:25565 (minecraft-java)
[2J8[0mplayit (v0.15.26): 1741567919941 tunnel running, 1 tunnels registered


TUNNELS
van-voice.gl.joinmc.link => 127.0.0.1:25565 (minecraft-java)
[2J8[0mplayit (v0.15.26): 1741567924188 tunnel running, 1 tunnels registered


TUNNELS
van-voice.gl.joinmc.link => 127.0.0.1:25565 (minecraft-java)
[2J8[0mplayit (v0.15.26): 1741567928056 tunnel running, 1 tunnels registered


TUNNELS
van-voice.gl.joinmc.link => 127.0.0.1:25565 (minecraft-java)
[2J8[0mplayit (v0.15.26): 1741567928871 tunnel running, 1 tunnels registered


TUNNELS
van-voice.gl.joinmc.link => 127.0.0.1:25565 (minecraft-java)
[2J8[0mplayit (v0.15.26): 1741567933709 tunnel running, 1 tunnels registered


TUNNELS
van-voice.gl.joinmc.link => 127.0.0.1:25565 (minecraft-java)
[2J8[0mplayit (v0.15.26): 1741567937176 tunnel running, 1 tunnels registered


TUNNELS
van-voice.gl.joinmc.link => 127.0.0.1:25565 (minecraft-java)
[2J8[0mplayit (v0.15.26): 1741567942061 tunnel running, 1 tunnels registered


TUNNELS
van-voice.gl.joinmc.link => 127.0.0.1:25565 (minecraft-java)
[2J8[0mplayit (v0.15.26): 1741567945683 tunnel running, 1 tunnels registered


TUNNELS
van-voice.gl.joinmc.link => 127.0.0.1:25565 (minecraft-java)
[2J8[0mplayit (v0.15.26): 1741567949539 tunnel running, 1 tunnels registered


TUNNELS
van-voice.gl.joinmc.link => 127.0.0.1:25565 (minecraft-java)
[2J8[0mplayit (v0.15.26): 1741567953440 tunnel running, 1 tunnels registered


TUNNELS
van-voice.gl.joinmc.link => 127.0.0.1:25565 (minecraft-java)
[2J8[0mplayit (v0.15.26): 1741567956857 tunnel running, 1 tunnels registered


TUNNELS
van-voice.gl.joinmc.link => 127.0.0.1:25565 (minecraft-java)
[2J8[0mplayit (v0.15.26): 1741567958401 tunnel running, 1 tunnels registered


TUNNELS
van-voice.gl.joinmc.link => 127.0.0.1:25565 (minecraft-java)
[2J8[0mplayit (v0.15.26): 1741567962049 tunnel running, 1 tunnels registered


TUNNELS
van-voice.gl.joinmc.link => 127.0.0.1:25565 (minecraft-java)
[2J8[0mplayit (v0.15.26): 1741567965426 tunnel running, 1 tunnels registered


TUNNELS
van-voice.gl.joinmc.link => 127.0.0.1:25565 (minecraft-java)
[2J8[0mplayit (v0.15.26): 1741567969509 tunnel running, 1 tunnels registered


TUNNELS
van-voice.gl.joinmc.link => 127.0.0.1:25565 (minecraft-java)
[2J8[0mplayit (v0.15.26): 1741567972861 tunnel running, 1 tunnels registered


TUNNELS
van-voice.gl.joinmc.link => 127.0.0.1:25565 (minecraft-java)
[2J8[0mplayit (v0.15.26): 1741567976417 tunnel running, 1 tunnels registered


TUNNELS
van-voice.gl.joinmc.link => 127.0.0.1:25565 (minecraft-java)
[2J8[0mplayit (v0.15.26): 1741567979742 tunnel running, 1 tunnels registered


TUNNELS
van-voice.gl.joinmc.link => 127.0.0.1:25565 (minecraft-java)
[2J8[0mplayit (v0.15.26): 1741567983523 tunnel running, 1 tunnels registered


TUNNELS
van-voice.gl.joinmc.link => 127.0.0.1:25565 (minecraft-java)
[2J8[0mplayit (v0.15.26): 1741567987371 tunnel running, 1 tunnels registered


TUNNELS
van-voice.gl.joinmc.link => 127.0.0.1:25565 (minecraft-java)
[2J8[0mplayit (v0.15.26): 1741567988420 tunnel running, 1 tunnels registered


TUNNELS
van-voice.gl.joinmc.link => 127.0.0.1:25565 (minecraft-java)
[2J8[0mplayit (v0.15.26): 1741567991713 tunnel running, 1 tunnels registered


TUNNELS
van-voice.gl.joinmc.link => 127.0.0.1:25565 (minecraft-java)
[2J8[0mplayit (v0.15.26): 1741567995272 tunnel running, 1 tunnels registered


TUNNELS
van-voice.gl.joinmc.link => 127.0.0.1:25565 (minecraft-java)
[2J8[0mplayit (v0.15.26): 1741567998962 tunnel running, 1 tunnels registered


TUNNELS
van-voice.gl.joinmc.link => 127.0.0.1:25565 (minecraft-java)
[2J8[0mplayit (v0.15.26): 1741568002387 tunnel running, 1 tunnels registered


TUNNELS
van-voice.gl.joinmc.link => 127.0.0.1:25565 (minecraft-java)
[2J8[0mplayit (v0.15.26): 1741568006165 tunnel running, 1 tunnels registered


TUNNELS
van-voice.gl.joinmc.link => 127.0.0.1:25565 (minecraft-java)
[2J8[0mplayit (v0.15.26): 1741568009646 tunnel running, 1 tunnels registered


TUNNELS
van-voice.gl.joinmc.link => 127.0.0.1:25565 (minecraft-java)
[2J8[0mplayit (v0.15.26): 1741568013120 tunnel running, 1 tunnels registered


TUNNELS
van-voice.gl.joinmc.link => 127.0.0.1:25565 (minecraft-java)
[2J8[0mplayit (v0.15.26): 1741568016580 tunnel running, 1 tunnels registered


TUNNELS
van-voice.gl.joinmc.link => 127.0.0.1:25565 (minecraft-java)
[2J8[0mplayit (v0.15.26): 1741568017559 tunnel running, 1 tunnels registered


TUNNELS
van-voice.gl.joinmc.link => 127.0.0.1:25565 (minecraft-java)
[2J8[0mplayit (v0.15.26): 1741568020915 tunnel running, 1 tunnels registered


TUNNELS
van-voice.gl.joinmc.link => 127.0.0.1:25565 (minecraft-java)
[2J8[0mplayit (v0.15.26): 1741568024550 tunnel running, 1 tunnels registered


TUNNELS
van-voice.gl.joinmc.link => 127.0.0.1:25565 (minecraft-java)
[2J8[0mplayit (v0.15.26): 1741568028160 tunnel running, 1 tunnels registered


TUNNELS
van-voice.gl.joinmc.link => 127.0.0.1:25565 (minecraft-java)
