[12Mar2025 00:04:26.489] [Server thread/INFO] [net.minecraft.server.MinecraftServer/]: [hvice: Set the weather to clear]
[12Mar2025 00:06:20.579] [Server thread/INFO] [net.minecraft.server.MinecraftServer/]: narum0000 has made the advancement [A breath of fresh air]
[12Mar2025 00:11:04.652] [Server thread/INFO] [net.minecraft.server.MinecraftServer/]: [hvice: Teleported hvice to narum0000]
[12Mar2025 00:13:15.742] [Server thread/INFO] [net.minecraft.server.MinecraftServer/]: hvice has reached the goal [Adventurer ]
[12Mar2025 00:14:50.952] [Server thread/INFO] [net.minecraft.server.MinecraftServer/]: hvice has made the advancement [First Trade]
[12Mar2025 00:14:50.953] [Server thread/INFO] [net.minecraft.server.MinecraftServer/]: hvice has made the advancement [What a Deal!]
[12Mar2025 00:16:33.888] [Server thread/INFO] [net.minecraft.server.MinecraftServer/]: [hvice: Teleported hvice to Alphabeath]
[12Mar2025 00:16:34.989] [Server thread/INFO] [net.minecraft.server.MinecraftServer/]: hvice has made the advancement [What a Dungeon!]
[12Mar2025 00:18:06.748] [Server thread/INFO] [net.minecraft.server.MinecraftServer/]: [hvice: Teleported narum0000 to hvice]
[12Mar2025 00:20:42.870] [Server thread/INFO] [net.minecraft.server.MinecraftServer/]: Alphabeath was slain by Skeleton
[12Mar2025 00:20:59.281] [Server thread/INFO] [net.minecraft.server.MinecraftServer/]: [Alphabeath: Teleported Alphabeath to narum0000]
[12Mar2025 00:21:37.606] [Server thread/INFO] [net.minecraft.server.MinecraftServer/]: narum0000 has made the advancement [Warped]
[12Mar2025 00:22:07.977] [Server thread/INFO] [net.minecraft.world.entity.LivingEntity/]: Named entity Skeleton['Brog the Bulwark'/43286, l='ServerLevel[world]', x=-884.30, y=56.00, z=-703.66] died: Brog the Bulwark was slain by hvice
[12Mar2025 00:24:08.701] [Server thread/INFO] [net.minecraft.server.MinecraftServer/]: hvice has reached the goal [Recycling]
[12Mar2025 00:25:07.756] [Server thread/INFO] [com.teampotato.redirector.Redirector/]: Redirecting io/redspace/ironsspellbooks/api/spells/CastResult$Type
[12Mar2025 00:25:32.284] [Server thread/INFO] [net.minecraft.server.MinecraftServer/]: hvice was shot by Skeleton
[12Mar2025 00:25:42.592] [Server thread/INFO] [net.minecraft.server.MinecraftServer/]: [hvice: Teleported hvice to Alphabeath]
[12Mar2025 00:28:02.666] [Server thread/INFO] [net.minecraft.server.MinecraftServer/]: narum0000 has made the advancement [Cover Me with Diamonds]
[12Mar2025 00:28:32.848] [Server thread/INFO] [net.minecraft.server.MinecraftServer/]: Alphabeath was slain by Cursed Armor
[12Mar2025 00:28:37.651] [Server thread/INFO] [net.minecraft.server.MinecraftServer/]: hvice was slain by Cursed Armor
[12Mar2025 00:28:45.163] [Server thread/INFO] [net.minecraft.server.MinecraftServer/]: narum0000 was slain by Cursed Armor
[12Mar2025 00:28:45.185] [Netty Epoll Server IO #19/ERROR] [net.bettercombat.network.ServerNetwork/]: Server handling Packets.C2S_AttackRequest - No current attack hand!
[12Mar2025 00:28:45.187] [Netty Epoll Server IO #19/ERROR] [net.bettercombat.network.ServerNetwork/]: Combo count: 7 is dual wielding: false
[12Mar2025 00:28:45.189] [Netty Epoll Server IO #19/ERROR] [net.bettercombat.network.ServerNetwork/]: Main-hand stack: 1 air
[12Mar2025 00:28:45.189] [Netty Epoll Server IO #19/ERROR] [net.bettercombat.network.ServerNetwork/]: Off-hand stack: 1 air
[12Mar2025 00:28:45.189] [Netty Epoll Server IO #19/ERROR] [net.bettercombat.network.ServerNetwork/]: Selected slot server: 1 | client: 1
[12Mar2025 00:28:46.867] [Server thread/INFO] [net.minecraft.server.MinecraftServer/]: [Alphabeath: Teleported Alphabeath to narum0000]
[12Mar2025 00:28:46.869] [Server thread/INFO] [net.minecraft.server.MinecraftServer/]: [hvice: Teleported hvice to narum0000]
[12Mar2025 00:28:48.314] [Server thread/INFO] [net.minecraft.server.MinecraftServer/]: Alphabeath was slain by Cursed Armor
[12Mar2025 00:28:52.563] [Server thread/INFO] [net.minecraft.server.MinecraftServer/]: [Alphabeath: Teleported Alphabeath to narum0000]
[12Mar2025 00:29:08.317] [Server thread/INFO] [net.minecraft.server.MinecraftServer/]: [Alphabeath: Teleported Alphabeath to hvice]
[12Mar2025 00:29:14.391] [Server thread/INFO] [net.minecraft.server.MinecraftServer/]: [Alphabeath: Teleported narum0000 to Alphabeath]
[12Mar2025 00:29:49.593] [Server thread/INFO] [net.minecraft.server.MinecraftServer/]: hvice was slain by Cursed Armor
[12Mar2025 00:29:59.289] [Server thread/INFO] [net.minecraft.server.MinecraftServer/]: [hvice: Teleported hvice to Alphabeath]
[12Mar2025 00:37:31.415] [Server thread/INFO] [net.minecraft.server.MinecraftServer/]: Alphabeath has reached the goal [Adventurer ]
[12Mar2025 00:38:03.305] [Server thread/INFO] [net.minecraft.server.network.ServerGamePacketListenerImpl/]: narum0000 lost connection: Disconnected
[12Mar2025 00:38:03.305] [Server thread/INFO] [net.minecraft.server.MinecraftServer/]: narum0000 left the game
[12Mar2025 00:38:18.275] [Netty Epoll Server IO #10/INFO] [Calio/]: Received acknowledgment for login packet with id 236
[12Mar2025 00:38:18.324] [Netty Epoll Server IO #10/INFO] [Calio/]: Received acknowledgment for login packet with id 237
[12Mar2025 00:38:18.371] [Netty Epoll Server IO #10/INFO] [Calio/]: Received acknowledgment for login packet with id 238
[12Mar2025 00:38:18.428] [Netty Epoll Server IO #10/INFO] [Calio/]: Received acknowledgment for login packet with id 239
[12Mar2025 00:38:18.472] [Netty Epoll Server IO #10/INFO] [Calio/]: Received acknowledgment for login packet with id 240
[12Mar2025 00:38:18.523] [Netty Epoll Server IO #10/INFO] [Calio/]: Received acknowledgment for login packet with id 241
[12Mar2025 00:38:18.573] [Netty Epoll Server IO #10/INFO] [Calio/]: Received acknowledgment for login packet with id 242
[12Mar2025 00:38:18.626] [Netty Epoll Server IO #10/INFO] [Calio/]: Received acknowledgment for login packet with id 243
[12Mar2025 00:38:18.677] [Netty Epoll Server IO #10/INFO] [Calio/]: Received acknowledgment for login packet with id 244
[12Mar2025 00:38:18.724] [Netty Epoll Server IO #10/INFO] [Calio/]: Received acknowledgment for login packet with id 245
[12Mar2025 00:38:18.774] [Netty Epoll Server IO #10/INFO] [Calio/]: Received acknowledgment for login packet with id 246
[12Mar2025 00:38:18.827] [Netty Epoll Server IO #10/INFO] [Calio/]: Received acknowledgment for login packet with id 247
[12Mar2025 00:38:19.026] [Netty Epoll Server IO #10/INFO] [Calio/]: Received acknowledgment for login packet with id 248
[12Mar2025 00:38:19.073] [Netty Epoll Server IO #10/INFO] [Calio/]: Received acknowledgment for login packet with id 249
[12Mar2025 00:38:19.073] [Netty Epoll Server IO #10/INFO] [Calio/]: Received acknowledgment for login packet with id 250
[12Mar2025 00:38:19.155] [Server thread/INFO] [net.minecraftforge.common.AdvancementLoadFix/]: Using new advancement loading for net.minecraft.server.PlayerAdvancements@bd0378c
[12Mar2025 00:38:19.161] [Server thread/INFO] [net.minecraft.server.players.PlayerList/]: narum0000[/127.68.183.159:59693] logged in with entity id 47394 at (-887.7326388267877, 56.0, -707.6013163864704)
[12Mar2025 00:38:19.198] [Server thread/INFO] [ModdingLegacy/blue_skies/]: Sending ToolHandleTypeManager to narum0000
[12Mar2025 00:38:19.199] [Server thread/INFO] [ModdingLegacy/blue_skies/]: Sending SnowcapOvenFreezingManager to narum0000
[12Mar2025 00:38:19.199] [Server thread/INFO] [ModdingLegacy/blue_skies/]: Sending HorizoniteForgeFuelManager to narum0000
[12Mar2025 00:38:19.199] [Server thread/INFO] [ModdingLegacy/blue_skies/]: Sending AlchemyRecipeManager to narum0000
[12Mar2025 00:38:19.200] [Server thread/INFO] [ModdingLegacy/blue_skies/]: Sending JournalEntryManager to narum0000
[12Mar2025 00:38:19.201] [Server thread/INFO] [ModdingLegacy/blue_skies/]: Sending JournalSectionManager to narum0000
[12Mar2025 00:38:19.201] [Server thread/INFO] [ModdingLegacy/blue_skies/]: Sending JournalRequirementManager to narum0000
[12Mar2025 00:38:19.237] [Server thread/INFO] [net.minecraft.server.MinecraftServer/]: narum0000 joined the game
[12Mar2025 00:38:19.286] [Server thread/INFO] [Jade/]: Syncing config to narum0000 (0e5562b2-bac2-35be-8be2-74ad739b658a)
[12Mar2025 00:38:19.340] [Server thread/INFO] [Enigmatic Legacy/INFO]: Synchronizing omniconfig files to narum0000...
[12Mar2025 00:38:19.340] [Server thread/INFO] [Enigmatic Legacy/INFO]: Sending data for enigmaticaddons-common.omniconf
[12Mar2025 00:38:19.341] [Server thread/INFO] [Enigmatic Legacy/INFO]: Sending data for enigmaticlegacy-common.omniconf
[12Mar2025 00:38:19.341] [Server thread/INFO] [Enigmatic Legacy/INFO]: Granting starter gear to narum0000
[12Mar2025 00:42:35.452] [Server thread/INFO] [net.minecraft.server.MinecraftServer/]: Alphabeath was slain by Skeleton
[12Mar2025 00:42:41.392] [Server thread/ERROR] [Apotheosis : Adventure/]: Failed to locate any gear sets matching the following predicates: 
[12Mar2025 00:42:41.392] [Server thread/ERROR] [Apotheosis : Adventure/]: SetPredicate[#terrible]
[12Mar2025 00:42:44.353] [Server thread/INFO] [net.minecraft.server.MinecraftServer/]: [Alphabeath: Teleported hvice to Alphabeath]
[12Mar2025 00:42:52.402] [Server thread/INFO] [net.minecraft.server.MinecraftServer/]: [Alphabeath: Teleported Alphabeath to narum0000]
[12Mar2025 00:42:53.154] [Server thread/INFO] [net.minecraft.server.MinecraftServer/]: [hvice: Teleported hvice to narum0000]
[12Mar2025 00:42:56.964] [Server thread/INFO] [net.minecraft.server.MinecraftServer/]: [Alphabeath: Teleported hvice to Alphabeath]
[12Mar2025 00:43:37.352] [Server thread/INFO] [net.minecraft.server.MinecraftServer/]: [Alphabeath: Teleported hvice to Alphabeath]
[12Mar2025 00:43:45.216] [Server thread/INFO] [net.minecraft.server.MinecraftServer/]: [Alphabeath: Teleported hvice to Alphabeath]
[12Mar2025 00:43:56.291] [Server thread/INFO] [net.minecraft.server.MinecraftServer/]: hvice was slain by Skeleton
[12Mar2025 00:43:57.862] [Server thread/INFO] [net.minecraft.server.MinecraftServer/]: [Alphabeath: Teleported hvice to Alphabeath]
[12Mar2025 00:44:06.494] [Server thread/INFO] [net.minecraft.server.MinecraftServer/]: [Alphabeath: Teleported hvice to Alphabeath]
[12Mar2025 00:44:06.698] [Server thread/INFO] [net.minecraft.server.MinecraftServer/]: Alphabeath was slain by hvice
[12Mar2025 00:44:12.599] [Server thread/INFO] [net.minecraft.server.MinecraftServer/]: [Alphabeath: Teleported Alphabeath to hvice]
[12Mar2025 00:44:22.893] [Server thread/INFO] [net.minecraft.server.MinecraftServer/]: narum0000 has made the advancement [Take Aim]
[12Mar2025 00:45:16.295] [Server thread/INFO] [net.minecraft.server.MinecraftServer/]: hvice was slain by Skeleton
[12Mar2025 00:45:21.153] [Server thread/INFO] [net.minecraft.server.MinecraftServer/]: [hvice: Teleported hvice to narum0000]
[12Mar2025 00:52:34.164] [Server thread/INFO] [net.minecraft.server.MinecraftServer/]: [hvice: Teleported hvice to Alphabeath]
[12Mar2025 00:52:47.458] [Server thread/INFO] [net.minecraft.server.MinecraftServer/]: hvice has made the advancement [Battle Towers?]
[12Mar2025 00:53:52.784] [Server thread/INFO] [net.minecraft.server.MinecraftServer/]: [Alphabeath: Teleported narum0000 to Alphabeath]
[12Mar2025 00:53:53.529] [Server thread/INFO] [net.minecraft.server.MinecraftServer/]: narum0000 has made the advancement [Battle Towers?]
[12Mar2025 00:54:38.828] [Server thread/WARN] [net.minecraft.server.network.ServerGamePacketListenerImpl/]: Alphabeath moved wrongly!
[12Mar2025 00:55:23.786] [Server thread/INFO] [net.minecraft.server.MinecraftServer/]: [Alphabeath: Teleported narum0000 to Alphabeath]
[12Mar2025 00:56:19.898] [Server thread/INFO] [net.minecraft.server.MinecraftServer/]: narum0000 was slain by Skeleton
[12Mar2025 00:56:25.303] [Server thread/INFO] [net.minecraft.server.MinecraftServer/]: [Alphabeath: Teleported narum0000 to Alphabeath]
[12Mar2025 00:56:34.447] [Server thread/INFO] [net.minecraft.server.MinecraftServer/]: narum0000 was slain by Skeleton
[12Mar2025 00:56:34.460] [Netty Epoll Server IO #10/ERROR] [net.bettercombat.network.ServerNetwork/]: Server handling Packets.C2S_AttackRequest - No current attack hand!
[12Mar2025 00:56:34.461] [Netty Epoll Server IO #10/ERROR] [net.bettercombat.network.ServerNetwork/]: Combo count: 0 is dual wielding: false
[12Mar2025 00:56:34.461] [Netty Epoll Server IO #10/ERROR] [net.bettercombat.network.ServerNetwork/]: Main-hand stack: 1 air
[12Mar2025 00:56:34.461] [Netty Epoll Server IO #10/ERROR] [net.bettercombat.network.ServerNetwork/]: Off-hand stack: 1 air
[12Mar2025 00:56:34.461] [Netty Epoll Server IO #10/ERROR] [net.bettercombat.network.ServerNetwork/]: Selected slot server: 0 | client: 0
[12Mar2025 00:56:41.051] [Server thread/WARN] [net.minecraft.server.network.ServerGamePacketListenerImpl/]: Alphabeath moved wrongly!
[12Mar2025 00:56:47.955] [Server thread/INFO] [net.minecraft.server.MinecraftServer/]: [Alphabeath: Teleported narum0000 to Alphabeath]
[12Mar2025 00:57:04.452] [Server thread/WARN] [net.minecraft.server.network.ServerGamePacketListenerImpl/]: Alphabeath moved wrongly!
[12Mar2025 00:57:19.549] [Server thread/WARN] [net.minecraft.server.network.ServerGamePacketListenerImpl/]: Alphabeath moved wrongly!
[12Mar2025 00:57:48.386] [Server thread/INFO] [net.minecraft.server.MinecraftServer/]: narum0000 was shot by Skeleton
[12Mar2025 00:58:05.889] [Server thread/INFO] [net.minecraft.server.MinecraftServer/]: Alphabeath was shot by Skeleton
[12Mar2025 00:58:14.690] [Server thread/INFO] [net.minecraft.server.MinecraftServer/]: [hvice: Teleported narum0000 to Alphabeath]
[12Mar2025 00:58:25.461] [Server thread/INFO] [net.minecraft.server.MinecraftServer/]: [Alphabeath: Set narum0000's game mode to Creative Mode]
[12Mar2025 00:58:45.938] [Server thread/INFO] [net.minecraft.server.MinecraftServer/]: narum0000 has completed the challenge [Berrily Alive]
[12Mar2025 00:59:00.026] [Server thread/INFO] [net.minecraft.server.MinecraftServer/]: [Alphabeath: Teleported Alphabeath to narum0000]
[12Mar2025 00:59:12.318] [Server thread/INFO] [net.minecraft.server.MinecraftServer/]: [Alphabeath: Set own game mode to Creative Mode]
[12Mar2025 01:00:03.679] [Server thread/INFO] [net.minecraft.server.network.ServerGamePacketListenerImpl/]: hvice lost connection: Disconnected
[12Mar2025 01:00:03.680] [Server thread/INFO] [net.minecraft.server.MinecraftServer/]: hvice left the game
[12Mar2025 01:08:43.215] [Server thread/INFO] [net.minecraft.server.MinecraftServer/]: [Alphabeath: Gave 1    [Revival Leaves] to Alphabeath]
[12Mar2025 01:14:52.424] [Server thread/INFO] [net.minecraft.server.network.ServerGamePacketListenerImpl/]: narum0000 lost connection: Disconnected
[12Mar2025 01:14:52.425] [Server thread/INFO] [net.minecraft.server.MinecraftServer/]: narum0000 left the game
[12Mar2025 01:14:53.274] [Server thread/INFO] [net.minecraft.server.network.ServerGamePacketListenerImpl/]: Alphabeath lost connection: Disconnected
[12Mar2025 01:14:53.274] [Server thread/INFO] [net.minecraft.server.MinecraftServer/]: Alphabeath left the game
[12Mar2025 10:08:18.311] [Server thread/INFO] [net.minecraft.server.MinecraftServer/]: Stopping the server
[12Mar2025 10:08:18.386] [Server thread/INFO] [net.minecraft.server.MinecraftServer/]: Stopping server
[12Mar2025 10:08:18.389] [Server thread/INFO] [net.minecraft.server.MinecraftServer/]: Saving players
[12Mar2025 10:08:18.389] [Server thread/INFO] [net.minecraft.server.MinecraftServer/]: Saving worlds
[12Mar2025 10:08:18.665] [Server thread/INFO] [net.minecraft.server.MinecraftServer/]: Saving chunks for level 'ServerLevel[world]'/minecraft:overworld
[12Mar2025 10:08:19.426] [Server thread/INFO] [net.minecraft.server.MinecraftServer/]: Saving chunks for level 'ServerLevel[world]'/deeperdarker:otherside
[12Mar2025 10:08:19.427] [Server thread/INFO] [net.minecraft.server.MinecraftServer/]: Saving chunks for level 'ServerLevel[world]'/minecraft:the_end
[12Mar2025 10:08:19.427] [Server thread/INFO] [net.minecraft.server.MinecraftServer/]: Saving chunks for level 'ServerLevel[world]'/aether:the_aether
[12Mar2025 10:08:19.428] [Server thread/INFO] [net.minecraft.server.MinecraftServer/]: Saving chunks for level 'ServerLevel[world]'/minecraft:the_nether
[12Mar2025 10:08:19.429] [Server thread/INFO] [net.minecraft.server.MinecraftServer/]: Saving chunks for level 'ServerLevel[world]'/blue_skies:everdawn
[12Mar2025 10:08:19.430] [Server thread/INFO] [net.minecraft.server.MinecraftServer/]: Saving chunks for level 'ServerLevel[world]'/twilightforest:twilight_forest
[12Mar2025 10:08:19.431] [Server thread/INFO] [net.minecraft.server.MinecraftServer/]: Saving chunks for level 'ServerLevel[world]'/blue_skies:everbright
[12Mar2025 10:08:19.579] [Server thread/INFO] [net.minecraft.server.MinecraftServer/]: ThreadedAnvilChunkStorage (world): All chunks are saved
[12Mar2025 10:08:19.579] [Server thread/INFO] [net.minecraft.server.MinecraftServer/]: ThreadedAnvilChunkStorage (otherside): All chunks are saved
[12Mar2025 10:08:19.580] [Server thread/INFO] [net.minecraft.server.MinecraftServer/]: ThreadedAnvilChunkStorage (DIM1): All chunks are saved
[12Mar2025 10:08:19.580] [Server thread/INFO] [net.minecraft.server.MinecraftServer/]: ThreadedAnvilChunkStorage (the_aether): All chunks are saved
[12Mar2025 10:08:19.580] [Server thread/INFO] [net.minecraft.server.MinecraftServer/]: ThreadedAnvilChunkStorage (DIM-1): All chunks are saved
[12Mar2025 10:08:19.580] [Server thread/INFO] [net.minecraft.server.MinecraftServer/]: ThreadedAnvilChunkStorage (everdawn): All chunks are saved
[12Mar2025 10:08:19.580] [Server thread/INFO] [net.minecraft.server.MinecraftServer/]: ThreadedAnvilChunkStorage (twilight_forest): All chunks are saved
[12Mar2025 10:08:19.580] [Server thread/INFO] [net.minecraft.server.MinecraftServer/]: ThreadedAnvilChunkStorage (everbright): All chunks are saved
[12Mar2025 10:08:19.580] [Server thread/INFO] [net.minecraft.server.MinecraftServer/]: ThreadedAnvilChunkStorage: All dimensions are saved
[12Mar2025 10:08:19.882] [Server thread/INFO] [FTB Chunks/]: Shutting down map thread
[12Mar2025 10:08:19.913] [Server thread/INFO] [Calio/]: Removing Dynamic Registries for: net.minecraft.server.dedicated.DedicatedServer@758b2fe
[12Mar2025 10:08:19.923] [Server thread/ERROR] [fuzs.nightconfigfixes.config.CheckedConfigFileTypeHandler/]: Failed to remove config /home/bryan/Minecraft-Medieval-RPG/config/apoli-server.toml from tracker!
java.lang.NullPointerException: Cannot read field "watchedFileCount" because "watchedDir" is null
	at com.electronwill.nightconfig.core.file.FileWatcher.removeWatch(FileWatcher.java:134) ~[core-3.6.4.jar%2356!/:?]
	at fuzs.nightconfigfixes.config.CheckedConfigFileTypeHandler.unload(CheckedConfigFileTypeHandler.java:137) ~[NightConfigFixes-v4.0.7-1.19.2-Forge.jar%23564!/:4.0.7]
	at net.minecraftforge.fml.config.ConfigTracker.closeConfig(ConfigTracker.java:70) ~[fmlcore-1.19.2-43.3.5.jar%23660!/:?]
	at net.minecraftforge.fml.config.ConfigTracker.lambda$unloadConfigs$2(ConfigTracker.java:55) ~[fmlcore-1.19.2-43.3.5.jar%23660!/:?]
	at java.lang.Iterable.forEach(Iterable.java:75) ~[?:?]
	at java.util.Collections$SynchronizedCollection.forEach(Collections.java:2351) ~[?:?]
	at net.minecraftforge.fml.config.ConfigTracker.unloadConfigs(ConfigTracker.java:55) ~[fmlcore-1.19.2-43.3.5.jar%23660!/:?]
	at net.minecraftforge.server.ServerLifecycleHooks.handleServerStopped(ServerLifecycleHooks.java:137) ~[forge-1.19.2-43.3.5-universal.jar%23664!/:?]
	at net.minecraft.server.MinecraftServer.m_130011_(MinecraftServer.java:690) ~[server-1.19.2-20220805.130853-srg.jar%23659!/:?]
	at net.minecraft.server.MinecraftServer.m_206580_(MinecraftServer.java:244) ~[server-1.19.2-20220805.130853-srg.jar%23659!/:?]
	at java.lang.Thread.run(Thread.java:1583) [?:?]
[12Mar2025 10:08:19.934] [Server thread/ERROR] [fuzs.nightconfigfixes.config.CheckedConfigFileTypeHandler/]: Failed to remove config /home/bryan/Minecraft-Medieval-RPG/config/oriacs-server.toml from tracker!
java.lang.NullPointerException: Cannot read field "watchedFileCount" because "watchedDir" is null
	at com.electronwill.nightconfig.core.file.FileWatcher.removeWatch(FileWatcher.java:134) ~[core-3.6.4.jar%2356!/:?]
	at fuzs.nightconfigfixes.config.CheckedConfigFileTypeHandler.unload(CheckedConfigFileTypeHandler.java:137) ~[NightConfigFixes-v4.0.7-1.19.2-Forge.jar%23564!/:4.0.7]
	at net.minecraftforge.fml.config.ConfigTracker.closeConfig(ConfigTracker.java:70) ~[fmlcore-1.19.2-43.3.5.jar%23660!/:?]
	at net.minecraftforge.fml.config.ConfigTracker.lambda$unloadConfigs$2(ConfigTracker.java:55) ~[fmlcore-1.19.2-43.3.5.jar%23660!/:?]
	at java.lang.Iterable.forEach(Iterable.java:75) ~[?:?]
	at java.util.Collections$SynchronizedCollection.forEach(Collections.java:2351) ~[?:?]
	at net.minecraftforge.fml.config.ConfigTracker.unloadConfigs(ConfigTracker.java:55) ~[fmlcore-1.19.2-43.3.5.jar%23660!/:?]
	at net.minecraftforge.server.ServerLifecycleHooks.handleServerStopped(ServerLifecycleHooks.java:137) ~[forge-1.19.2-43.3.5-universal.jar%23664!/:?]
	at net.minecraft.server.MinecraftServer.m_130011_(MinecraftServer.java:690) ~[server-1.19.2-20220805.130853-srg.jar%23659!/:?]
	at net.minecraft.server.MinecraftServer.m_206580_(MinecraftServer.java:244) ~[server-1.19.2-20220805.130853-srg.jar%23659!/:?]
	at java.lang.Thread.run(Thread.java:1583) [?:?]
[12Mar2025 10:08:19.935] [Server thread/ERROR] [fuzs.nightconfigfixes.config.CheckedConfigFileTypeHandler/]: Failed to remove config /home/bryan/Minecraft-Medieval-RPG/config/upgradednetherite_items-server.toml from tracker!
java.lang.NullPointerException: Cannot read field "watchedFileCount" because "watchedDir" is null
	at com.electronwill.nightconfig.core.file.FileWatcher.removeWatch(FileWatcher.java:134) ~[core-3.6.4.jar%2356!/:?]
	at fuzs.nightconfigfixes.config.CheckedConfigFileTypeHandler.unload(CheckedConfigFileTypeHandler.java:137) ~[NightConfigFixes-v4.0.7-1.19.2-Forge.jar%23564!/:4.0.7]
	at net.minecraftforge.fml.config.ConfigTracker.closeConfig(ConfigTracker.java:70) ~[fmlcore-1.19.2-43.3.5.jar%23660!/:?]
	at net.minecraftforge.fml.config.ConfigTracker.lambda$unloadConfigs$2(ConfigTracker.java:55) ~[fmlcore-1.19.2-43.3.5.jar%23660!/:?]
	at java.lang.Iterable.forEach(Iterable.java:75) ~[?:?]
	at java.util.Collections$SynchronizedCollection.forEach(Collections.java:2351) ~[?:?]
	at net.minecraftforge.fml.config.ConfigTracker.unloadConfigs(ConfigTracker.java:55) ~[fmlcore-1.19.2-43.3.5.jar%23660!/:?]
	at net.minecraftforge.server.ServerLifecycleHooks.handleServerStopped(ServerLifecycleHooks.java:137) ~[forge-1.19.2-43.3.5-universal.jar%23664!/:?]
	at net.minecraft.server.MinecraftServer.m_130011_(MinecraftServer.java:690) ~[server-1.19.2-20220805.130853-srg.jar%23659!/:?]
	at net.minecraft.server.MinecraftServer.m_206580_(MinecraftServer.java:244) ~[server-1.19.2-20220805.130853-srg.jar%23659!/:?]
	at java.lang.Thread.run(Thread.java:1583) [?:?]
[12Mar2025 10:08:19.937] [Server thread/ERROR] [fuzs.nightconfigfixes.config.CheckedConfigFileTypeHandler/]: Failed to remove config /home/bryan/Minecraft-Medieval-RPG/config/solapplepie-server.toml from tracker!
java.lang.NullPointerException: Cannot read field "watchedFileCount" because "watchedDir" is null
	at com.electronwill.nightconfig.core.file.FileWatcher.removeWatch(FileWatcher.java:134) ~[core-3.6.4.jar%2356!/:?]
	at fuzs.nightconfigfixes.config.CheckedConfigFileTypeHandler.unload(CheckedConfigFileTypeHandler.java:137) ~[NightConfigFixes-v4.0.7-1.19.2-Forge.jar%23564!/:4.0.7]
	at net.minecraftforge.fml.config.ConfigTracker.closeConfig(ConfigTracker.java:70) ~[fmlcore-1.19.2-43.3.5.jar%23660!/:?]
	at net.minecraftforge.fml.config.ConfigTracker.lambda$unloadConfigs$2(ConfigTracker.java:55) ~[fmlcore-1.19.2-43.3.5.jar%23660!/:?]
	at java.lang.Iterable.forEach(Iterable.java:75) ~[?:?]
	at java.util.Collections$SynchronizedCollection.forEach(Collections.java:2351) ~[?:?]
	at net.minecraftforge.fml.config.ConfigTracker.unloadConfigs(ConfigTracker.java:55) ~[fmlcore-1.19.2-43.3.5.jar%23660!/:?]
	at net.minecraftforge.server.ServerLifecycleHooks.handleServerStopped(ServerLifecycleHooks.java:137) ~[forge-1.19.2-43.3.5-universal.jar%23664!/:?]
	at net.minecraft.server.MinecraftServer.m_130011_(MinecraftServer.java:690) ~[server-1.19.2-20220805.130853-srg.jar%23659!/:?]
	at net.minecraft.server.MinecraftServer.m_206580_(MinecraftServer.java:244) ~[server-1.19.2-20220805.130853-srg.jar%23659!/:?]
	at java.lang.Thread.run(Thread.java:1583) [?:?]
[12Mar2025 10:08:19.938] [Server thread/ERROR] [fuzs.nightconfigfixes.config.CheckedConfigFileTypeHandler/]: Failed to remove config /home/bryan/Minecraft-Medieval-RPG/config/corpse-server.toml from tracker!
java.lang.NullPointerException: Cannot read field "watchedFileCount" because "watchedDir" is null
	at com.electronwill.nightconfig.core.file.FileWatcher.removeWatch(FileWatcher.java:134) ~[core-3.6.4.jar%2356!/:?]
	at fuzs.nightconfigfixes.config.CheckedConfigFileTypeHandler.unload(CheckedConfigFileTypeHandler.java:137) ~[NightConfigFixes-v4.0.7-1.19.2-Forge.jar%23564!/:4.0.7]
	at net.minecraftforge.fml.config.ConfigTracker.closeConfig(ConfigTracker.java:70) ~[fmlcore-1.19.2-43.3.5.jar%23660!/:?]
	at net.minecraftforge.fml.config.ConfigTracker.lambda$unloadConfigs$2(ConfigTracker.java:55) ~[fmlcore-1.19.2-43.3.5.jar%23660!/:?]
	at java.lang.Iterable.forEach(Iterable.java:75) ~[?:?]
	at java.util.Collections$SynchronizedCollection.forEach(Collections.java:2351) ~[?:?]
	at net.minecraftforge.fml.config.ConfigTracker.unloadConfigs(ConfigTracker.java:55) ~[fmlcore-1.19.2-43.3.5.jar%23660!/:?]
	at net.minecraftforge.server.ServerLifecycleHooks.handleServerStopped(ServerLifecycleHooks.java:137) ~[forge-1.19.2-43.3.5-universal.jar%23664!/:?]
	at net.minecraft.server.MinecraftServer.m_130011_(MinecraftServer.java:690) ~[server-1.19.2-20220805.130853-srg.jar%23659!/:?]
	at net.minecraft.server.MinecraftServer.m_206580_(MinecraftServer.java:244) ~[server-1.19.2-20220805.130853-srg.jar%23659!/:?]
	at java.lang.Thread.run(Thread.java:1583) [?:?]
[12Mar2025 10:08:19.941] [Server thread/ERROR] [fuzs.nightconfigfixes.config.CheckedConfigFileTypeHandler/]: Failed to remove config /home/bryan/Minecraft-Medieval-RPG/config/upgradednetherite-server.toml from tracker!
java.lang.NullPointerException: Cannot read field "watchedFileCount" because "watchedDir" is null
	at com.electronwill.nightconfig.core.file.FileWatcher.removeWatch(FileWatcher.java:134) ~[core-3.6.4.jar%2356!/:?]
	at fuzs.nightconfigfixes.config.CheckedConfigFileTypeHandler.unload(CheckedConfigFileTypeHandler.java:137) ~[NightConfigFixes-v4.0.7-1.19.2-Forge.jar%23564!/:4.0.7]
	at net.minecraftforge.fml.config.ConfigTracker.closeConfig(ConfigTracker.java:70) ~[fmlcore-1.19.2-43.3.5.jar%23660!/:?]
	at net.minecraftforge.fml.config.ConfigTracker.lambda$unloadConfigs$2(ConfigTracker.java:55) ~[fmlcore-1.19.2-43.3.5.jar%23660!/:?]
	at java.lang.Iterable.forEach(Iterable.java:75) ~[?:?]
	at java.util.Collections$SynchronizedCollection.forEach(Collections.java:2351) ~[?:?]
	at net.minecraftforge.fml.config.ConfigTracker.unloadConfigs(ConfigTracker.java:55) ~[fmlcore-1.19.2-43.3.5.jar%23660!/:?]
	at net.minecraftforge.server.ServerLifecycleHooks.handleServerStopped(ServerLifecycleHooks.java:137) ~[forge-1.19.2-43.3.5-universal.jar%23664!/:?]
	at net.minecraft.server.MinecraftServer.m_130011_(MinecraftServer.java:690) ~[server-1.19.2-20220805.130853-srg.jar%23659!/:?]
	at net.minecraft.server.MinecraftServer.m_206580_(MinecraftServer.java:244) ~[server-1.19.2-20220805.130853-srg.jar%23659!/:?]
	at java.lang.Thread.run(Thread.java:1583) [?:?]
[12Mar2025 10:08:19.944] [Server thread/ERROR] [fuzs.nightconfigfixes.config.CheckedConfigFileTypeHandler/]: Failed to remove config /home/bryan/Minecraft-Medieval-RPG/config/curios-server.toml from tracker!
java.lang.NullPointerException: Cannot read field "watchedFileCount" because "watchedDir" is null
	at com.electronwill.nightconfig.core.file.FileWatcher.removeWatch(FileWatcher.java:134) ~[core-3.6.4.jar%2356!/:?]
	at fuzs.nightconfigfixes.config.CheckedConfigFileTypeHandler.unload(CheckedConfigFileTypeHandler.java:137) ~[NightConfigFixes-v4.0.7-1.19.2-Forge.jar%23564!/:4.0.7]
	at net.minecraftforge.fml.config.ConfigTracker.closeConfig(ConfigTracker.java:70) ~[fmlcore-1.19.2-43.3.5.jar%23660!/:?]
	at net.minecraftforge.fml.config.ConfigTracker.lambda$unloadConfigs$2(ConfigTracker.java:55) ~[fmlcore-1.19.2-43.3.5.jar%23660!/:?]
	at java.lang.Iterable.forEach(Iterable.java:75) ~[?:?]
	at java.util.Collections$SynchronizedCollection.forEach(Collections.java:2351) ~[?:?]
	at net.minecraftforge.fml.config.ConfigTracker.unloadConfigs(ConfigTracker.java:55) ~[fmlcore-1.19.2-43.3.5.jar%23660!/:?]
	at net.minecraftforge.server.ServerLifecycleHooks.handleServerStopped(ServerLifecycleHooks.java:137) ~[forge-1.19.2-43.3.5-universal.jar%23664!/:?]
	at net.minecraft.server.MinecraftServer.m_130011_(MinecraftServer.java:690) ~[server-1.19.2-20220805.130853-srg.jar%23659!/:?]
	at net.minecraft.server.MinecraftServer.m_206580_(MinecraftServer.java:244) ~[server-1.19.2-20220805.130853-srg.jar%23659!/:?]
	at java.lang.Thread.run(Thread.java:1583) [?:?]
[12Mar2025 10:08:19.945] [Server thread/ERROR] [fuzs.nightconfigfixes.config.CheckedConfigFileTypeHandler/]: Failed to remove config /home/bryan/Minecraft-Medieval-RPG/config/constructionwand-server.toml from tracker!
java.lang.NullPointerException: Cannot read field "watchedFileCount" because "watchedDir" is null
	at com.electronwill.nightconfig.core.file.FileWatcher.removeWatch(FileWatcher.java:134) ~[core-3.6.4.jar%2356!/:?]
	at fuzs.nightconfigfixes.config.CheckedConfigFileTypeHandler.unload(CheckedConfigFileTypeHandler.java:137) ~[NightConfigFixes-v4.0.7-1.19.2-Forge.jar%23564!/:4.0.7]
	at net.minecraftforge.fml.config.ConfigTracker.closeConfig(ConfigTracker.java:70) ~[fmlcore-1.19.2-43.3.5.jar%23660!/:?]
	at net.minecraftforge.fml.config.ConfigTracker.lambda$unloadConfigs$2(ConfigTracker.java:55) ~[fmlcore-1.19.2-43.3.5.jar%23660!/:?]
	at java.lang.Iterable.forEach(Iterable.java:75) ~[?:?]
	at java.util.Collections$SynchronizedCollection.forEach(Collections.java:2351) ~[?:?]
	at net.minecraftforge.fml.config.ConfigTracker.unloadConfigs(ConfigTracker.java:55) ~[fmlcore-1.19.2-43.3.5.jar%23660!/:?]
	at net.minecraftforge.server.ServerLifecycleHooks.handleServerStopped(ServerLifecycleHooks.java:137) ~[forge-1.19.2-43.3.5-universal.jar%23664!/:?]
	at net.minecraft.server.MinecraftServer.m_130011_(MinecraftServer.java:690) ~[server-1.19.2-20220805.130853-srg.jar%23659!/:?]
	at net.minecraft.server.MinecraftServer.m_206580_(MinecraftServer.java:244) ~[server-1.19.2-20220805.130853-srg.jar%23659!/:?]
	at java.lang.Thread.run(Thread.java:1583) [?:?]
[12Mar2025 10:08:19.947] [Server thread/ERROR] [fuzs.nightconfigfixes.config.CheckedConfigFileTypeHandler/]: Failed to remove config /home/bryan/Minecraft-Medieval-RPG/config/dynamictrees-server.toml from tracker!
java.lang.NullPointerException: Cannot read field "watchedFileCount" because "watchedDir" is null
	at com.electronwill.nightconfig.core.file.FileWatcher.removeWatch(FileWatcher.java:134) ~[core-3.6.4.jar%2356!/:?]
	at fuzs.nightconfigfixes.config.CheckedConfigFileTypeHandler.unload(CheckedConfigFileTypeHandler.java:137) ~[NightConfigFixes-v4.0.7-1.19.2-Forge.jar%23564!/:4.0.7]
	at net.minecraftforge.fml.config.ConfigTracker.closeConfig(ConfigTracker.java:70) ~[fmlcore-1.19.2-43.3.5.jar%23660!/:?]
	at net.minecraftforge.fml.config.ConfigTracker.lambda$unloadConfigs$2(ConfigTracker.java:55) ~[fmlcore-1.19.2-43.3.5.jar%23660!/:?]
	at java.lang.Iterable.forEach(Iterable.java:75) ~[?:?]
	at java.util.Collections$SynchronizedCollection.forEach(Collections.java:2351) ~[?:?]
	at net.minecraftforge.fml.config.ConfigTracker.unloadConfigs(ConfigTracker.java:55) ~[fmlcore-1.19.2-43.3.5.jar%23660!/:?]
	at net.minecraftforge.server.ServerLifecycleHooks.handleServerStopped(ServerLifecycleHooks.java:137) ~[forge-1.19.2-43.3.5-universal.jar%23664!/:?]
	at net.minecraft.server.MinecraftServer.m_130011_(MinecraftServer.java:690) ~[server-1.19.2-20220805.130853-srg.jar%23659!/:?]
	at net.minecraft.server.MinecraftServer.m_206580_(MinecraftServer.java:244) ~[server-1.19.2-20220805.130853-srg.jar%23659!/:?]
	at java.lang.Thread.run(Thread.java:1583) [?:?]
[12Mar2025 10:08:19.947] [Server thread/ERROR] [fuzs.nightconfigfixes.config.CheckedConfigFileTypeHandler/]: Failed to remove config /home/bryan/Minecraft-Medieval-RPG/config/toms_storage-server.toml from tracker!
java.lang.NullPointerException: Cannot read field "watchedFileCount" because "watchedDir" is null
	at com.electronwill.nightconfig.core.file.FileWatcher.removeWatch(FileWatcher.java:134) ~[core-3.6.4.jar%2356!/:?]
	at fuzs.nightconfigfixes.config.CheckedConfigFileTypeHandler.unload(CheckedConfigFileTypeHandler.java:137) ~[NightConfigFixes-v4.0.7-1.19.2-Forge.jar%23564!/:4.0.7]
	at net.minecraftforge.fml.config.ConfigTracker.closeConfig(ConfigTracker.java:70) ~[fmlcore-1.19.2-43.3.5.jar%23660!/:?]
	at net.minecraftforge.fml.config.ConfigTracker.lambda$unloadConfigs$2(ConfigTracker.java:55) ~[fmlcore-1.19.2-43.3.5.jar%23660!/:?]
	at java.lang.Iterable.forEach(Iterable.java:75) ~[?:?]
	at java.util.Collections$SynchronizedCollection.forEach(Collections.java:2351) ~[?:?]
	at net.minecraftforge.fml.config.ConfigTracker.unloadConfigs(ConfigTracker.java:55) ~[fmlcore-1.19.2-43.3.5.jar%23660!/:?]
	at net.minecraftforge.server.ServerLifecycleHooks.handleServerStopped(ServerLifecycleHooks.java:137) ~[forge-1.19.2-43.3.5-universal.jar%23664!/:?]
	at net.minecraft.server.MinecraftServer.m_130011_(MinecraftServer.java:690) ~[server-1.19.2-20220805.130853-srg.jar%23659!/:?]
	at net.minecraft.server.MinecraftServer.m_206580_(MinecraftServer.java:244) ~[server-1.19.2-20220805.130853-srg.jar%23659!/:?]
	at java.lang.Thread.run(Thread.java:1583) [?:?]
[12Mar2025 10:08:19.948] [Server thread/ERROR] [fuzs.nightconfigfixes.config.CheckedConfigFileTypeHandler/]: Failed to remove config /home/bryan/Minecraft-Medieval-RPG/config/jei-server.toml from tracker!
java.lang.NullPointerException: Cannot read field "watchedFileCount" because "watchedDir" is null
	at com.electronwill.nightconfig.core.file.FileWatcher.removeWatch(FileWatcher.java:134) ~[core-3.6.4.jar%2356!/:?]
	at fuzs.nightconfigfixes.config.CheckedConfigFileTypeHandler.unload(CheckedConfigFileTypeHandler.java:137) ~[NightConfigFixes-v4.0.7-1.19.2-Forge.jar%23564!/:4.0.7]
	at net.minecraftforge.fml.config.ConfigTracker.closeConfig(ConfigTracker.java:70) ~[fmlcore-1.19.2-43.3.5.jar%23660!/:?]
	at net.minecraftforge.fml.config.ConfigTracker.lambda$unloadConfigs$2(ConfigTracker.java:55) ~[fmlcore-1.19.2-43.3.5.jar%23660!/:?]
	at java.lang.Iterable.forEach(Iterable.java:75) ~[?:?]
	at java.util.Collections$SynchronizedCollection.forEach(Collections.java:2351) ~[?:?]
	at net.minecraftforge.fml.config.ConfigTracker.unloadConfigs(ConfigTracker.java:55) ~[fmlcore-1.19.2-43.3.5.jar%23660!/:?]
	at net.minecraftforge.server.ServerLifecycleHooks.handleServerStopped(ServerLifecycleHooks.java:137) ~[forge-1.19.2-43.3.5-universal.jar%23664!/:?]
	at net.minecraft.server.MinecraftServer.m_130011_(MinecraftServer.java:690) ~[server-1.19.2-20220805.130853-srg.jar%23659!/:?]
	at net.minecraft.server.MinecraftServer.m_206580_(MinecraftServer.java:244) ~[server-1.19.2-20220805.130853-srg.jar%23659!/:?]
	at java.lang.Thread.run(Thread.java:1583) [?:?]
[12Mar2025 10:08:19.950] [Server thread/ERROR] [fuzs.nightconfigfixes.config.CheckedConfigFileTypeHandler/]: Failed to remove config /home/bryan/Minecraft-Medieval-RPG/config/pehkui-server.toml from tracker!
java.lang.NullPointerException: Cannot read field "watchedFileCount" because "watchedDir" is null
	at com.electronwill.nightconfig.core.file.FileWatcher.removeWatch(FileWatcher.java:134) ~[core-3.6.4.jar%2356!/:?]
	at fuzs.nightconfigfixes.config.CheckedConfigFileTypeHandler.unload(CheckedConfigFileTypeHandler.java:137) ~[NightConfigFixes-v4.0.7-1.19.2-Forge.jar%23564!/:4.0.7]
	at net.minecraftforge.fml.config.ConfigTracker.closeConfig(ConfigTracker.java:70) ~[fmlcore-1.19.2-43.3.5.jar%23660!/:?]
	at net.minecraftforge.fml.config.ConfigTracker.lambda$unloadConfigs$2(ConfigTracker.java:55) ~[fmlcore-1.19.2-43.3.5.jar%23660!/:?]
	at java.lang.Iterable.forEach(Iterable.java:75) ~[?:?]
	at java.util.Collections$SynchronizedCollection.forEach(Collections.java:2351) ~[?:?]
	at net.minecraftforge.fml.config.ConfigTracker.unloadConfigs(ConfigTracker.java:55) ~[fmlcore-1.19.2-43.3.5.jar%23660!/:?]
	at net.minecraftforge.server.ServerLifecycleHooks.handleServerStopped(ServerLifecycleHooks.java:137) ~[forge-1.19.2-43.3.5-universal.jar%23664!/:?]
	at net.minecraft.server.MinecraftServer.m_130011_(MinecraftServer.java:690) ~[server-1.19.2-20220805.130853-srg.jar%23659!/:?]
	at net.minecraft.server.MinecraftServer.m_206580_(MinecraftServer.java:244) ~[server-1.19.2-20220805.130853-srg.jar%23659!/:?]
	at java.lang.Thread.run(Thread.java:1583) [?:?]
[12Mar2025 10:08:19.951] [Server thread/ERROR] [fuzs.nightconfigfixes.config.CheckedConfigFileTypeHandler/]: Failed to remove config /home/bryan/Minecraft-Medieval-RPG/config/forge-server.toml from tracker!
java.lang.NullPointerException: Cannot read field "watchedFileCount" because "watchedDir" is null
	at com.electronwill.nightconfig.core.file.FileWatcher.removeWatch(FileWatcher.java:134) ~[core-3.6.4.jar%2356!/:?]
	at fuzs.nightconfigfixes.config.CheckedConfigFileTypeHandler.unload(CheckedConfigFileTypeHandler.java:137) ~[NightConfigFixes-v4.0.7-1.19.2-Forge.jar%23564!/:4.0.7]
	at net.minecraftforge.fml.config.ConfigTracker.closeConfig(ConfigTracker.java:70) ~[fmlcore-1.19.2-43.3.5.jar%23660!/:?]
	at net.minecraftforge.fml.config.ConfigTracker.lambda$unloadConfigs$2(ConfigTracker.java:55) ~[fmlcore-1.19.2-43.3.5.jar%23660!/:?]
	at java.lang.Iterable.forEach(Iterable.java:75) ~[?:?]
	at java.util.Collections$SynchronizedCollection.forEach(Collections.java:2351) ~[?:?]
	at net.minecraftforge.fml.config.ConfigTracker.unloadConfigs(ConfigTracker.java:55) ~[fmlcore-1.19.2-43.3.5.jar%23660!/:?]
	at net.minecraftforge.server.ServerLifecycleHooks.handleServerStopped(ServerLifecycleHooks.java:137) ~[forge-1.19.2-43.3.5-universal.jar%23664!/:?]
	at net.minecraft.server.MinecraftServer.m_130011_(MinecraftServer.java:690) ~[server-1.19.2-20220805.130853-srg.jar%23659!/:?]
	at net.minecraft.server.MinecraftServer.m_206580_(MinecraftServer.java:244) ~[server-1.19.2-20220805.130853-srg.jar%23659!/:?]
	at java.lang.Thread.run(Thread.java:1583) [?:?]
[12Mar2025 10:08:19.952] [Server thread/ERROR] [fuzs.nightconfigfixes.config.CheckedConfigFileTypeHandler/]: Failed to remove config /home/bryan/Minecraft-Medieval-RPG/config/structurize-server.toml from tracker!
java.lang.NullPointerException: Cannot read field "watchedFileCount" because "watchedDir" is null
	at com.electronwill.nightconfig.core.file.FileWatcher.removeWatch(FileWatcher.java:134) ~[core-3.6.4.jar%2356!/:?]
	at fuzs.nightconfigfixes.config.CheckedConfigFileTypeHandler.unload(CheckedConfigFileTypeHandler.java:137) ~[NightConfigFixes-v4.0.7-1.19.2-Forge.jar%23564!/:4.0.7]
	at net.minecraftforge.fml.config.ConfigTracker.closeConfig(ConfigTracker.java:70) ~[fmlcore-1.19.2-43.3.5.jar%23660!/:?]
	at net.minecraftforge.fml.config.ConfigTracker.lambda$unloadConfigs$2(ConfigTracker.java:55) ~[fmlcore-1.19.2-43.3.5.jar%23660!/:?]
	at java.lang.Iterable.forEach(Iterable.java:75) ~[?:?]
	at java.util.Collections$SynchronizedCollection.forEach(Collections.java:2351) ~[?:?]
	at net.minecraftforge.fml.config.ConfigTracker.unloadConfigs(ConfigTracker.java:55) ~[fmlcore-1.19.2-43.3.5.jar%23660!/:?]
	at net.minecraftforge.server.ServerLifecycleHooks.handleServerStopped(ServerLifecycleHooks.java:137) ~[forge-1.19.2-43.3.5-universal.jar%23664!/:?]
	at net.minecraft.server.MinecraftServer.m_130011_(MinecraftServer.java:690) ~[server-1.19.2-20220805.130853-srg.jar%23659!/:?]
	at net.minecraft.server.MinecraftServer.m_206580_(MinecraftServer.java:244) ~[server-1.19.2-20220805.130853-srg.jar%23659!/:?]
	at java.lang.Thread.run(Thread.java:1583) [?:?]
[12Mar2025 10:08:19.953] [Server thread/ERROR] [fuzs.nightconfigfixes.config.CheckedConfigFileTypeHandler/]: Failed to remove config /home/bryan/Minecraft-Medieval-RPG/config/upgradednetherite_ultimate-server.toml from tracker!
java.lang.NullPointerException: Cannot read field "watchedFileCount" because "watchedDir" is null
	at com.electronwill.nightconfig.core.file.FileWatcher.removeWatch(FileWatcher.java:134) ~[core-3.6.4.jar%2356!/:?]
	at fuzs.nightconfigfixes.config.CheckedConfigFileTypeHandler.unload(CheckedConfigFileTypeHandler.java:137) ~[NightConfigFixes-v4.0.7-1.19.2-Forge.jar%23564!/:4.0.7]
	at net.minecraftforge.fml.config.ConfigTracker.closeConfig(ConfigTracker.java:70) ~[fmlcore-1.19.2-43.3.5.jar%23660!/:?]
	at net.minecraftforge.fml.config.ConfigTracker.lambda$unloadConfigs$2(ConfigTracker.java:55) ~[fmlcore-1.19.2-43.3.5.jar%23660!/:?]
	at java.lang.Iterable.forEach(Iterable.java:75) ~[?:?]
	at java.util.Collections$SynchronizedCollection.forEach(Collections.java:2351) ~[?:?]
	at net.minecraftforge.fml.config.ConfigTracker.unloadConfigs(ConfigTracker.java:55) ~[fmlcore-1.19.2-43.3.5.jar%23660!/:?]
	at net.minecraftforge.server.ServerLifecycleHooks.handleServerStopped(ServerLifecycleHooks.java:137) ~[forge-1.19.2-43.3.5-universal.jar%23664!/:?]
	at net.minecraft.server.MinecraftServer.m_130011_(MinecraftServer.java:690) ~[server-1.19.2-20220805.130853-srg.jar%23659!/:?]
	at net.minecraft.server.MinecraftServer.m_206580_(MinecraftServer.java:244) ~[server-1.19.2-20220805.130853-srg.jar%23659!/:?]
	at java.lang.Thread.run(Thread.java:1583) [?:?]
[12Mar2025 10:08:19.954] [Server thread/ERROR] [fuzs.nightconfigfixes.config.CheckedConfigFileTypeHandler/]: Failed to remove config /home/bryan/Minecraft-Medieval-RPG/config/xptome-server.toml from tracker!
java.lang.NullPointerException: Cannot read field "watchedFileCount" because "watchedDir" is null
	at com.electronwill.nightconfig.core.file.FileWatcher.removeWatch(FileWatcher.java:134) ~[core-3.6.4.jar%2356!/:?]
	at fuzs.nightconfigfixes.config.CheckedConfigFileTypeHandler.unload(CheckedConfigFileTypeHandler.java:137) ~[NightConfigFixes-v4.0.7-1.19.2-Forge.jar%23564!/:4.0.7]
	at net.minecraftforge.fml.config.ConfigTracker.closeConfig(ConfigTracker.java:70) ~[fmlcore-1.19.2-43.3.5.jar%23660!/:?]
	at net.minecraftforge.fml.config.ConfigTracker.lambda$unloadConfigs$2(ConfigTracker.java:55) ~[fmlcore-1.19.2-43.3.5.jar%23660!/:?]
	at java.lang.Iterable.forEach(Iterable.java:75) ~[?:?]
	at java.util.Collections$SynchronizedCollection.forEach(Collections.java:2351) ~[?:?]
	at net.minecraftforge.fml.config.ConfigTracker.unloadConfigs(ConfigTracker.java:55) ~[fmlcore-1.19.2-43.3.5.jar%23660!/:?]
	at net.minecraftforge.server.ServerLifecycleHooks.handleServerStopped(ServerLifecycleHooks.java:137) ~[forge-1.19.2-43.3.5-universal.jar%23664!/:?]
	at net.minecraft.server.MinecraftServer.m_130011_(MinecraftServer.java:690) ~[server-1.19.2-20220805.130853-srg.jar%23659!/:?]
	at net.minecraft.server.MinecraftServer.m_206580_(MinecraftServer.java:244) ~[server-1.19.2-20220805.130853-srg.jar%23659!/:?]
	at java.lang.Thread.run(Thread.java:1583) [?:?]
[12Mar2025 10:08:19.956] [Server thread/ERROR] [fuzs.nightconfigfixes.config.CheckedConfigFileTypeHandler/]: Failed to remove config /home/bryan/Minecraft-Medieval-RPG/config/whisperwoods-server.toml from tracker!
java.lang.NullPointerException: Cannot read field "watchedFileCount" because "watchedDir" is null
	at com.electronwill.nightconfig.core.file.FileWatcher.removeWatch(FileWatcher.java:134) ~[core-3.6.4.jar%2356!/:?]
	at fuzs.nightconfigfixes.config.CheckedConfigFileTypeHandler.unload(CheckedConfigFileTypeHandler.java:137) ~[NightConfigFixes-v4.0.7-1.19.2-Forge.jar%23564!/:4.0.7]
	at net.minecraftforge.fml.config.ConfigTracker.closeConfig(ConfigTracker.java:70) ~[fmlcore-1.19.2-43.3.5.jar%23660!/:?]
	at net.minecraftforge.fml.config.ConfigTracker.lambda$unloadConfigs$2(ConfigTracker.java:55) ~[fmlcore-1.19.2-43.3.5.jar%23660!/:?]
	at java.lang.Iterable.forEach(Iterable.java:75) ~[?:?]
	at java.util.Collections$SynchronizedCollection.forEach(Collections.java:2351) ~[?:?]
	at net.minecraftforge.fml.config.ConfigTracker.unloadConfigs(ConfigTracker.java:55) ~[fmlcore-1.19.2-43.3.5.jar%23660!/:?]
	at net.minecraftforge.server.ServerLifecycleHooks.handleServerStopped(ServerLifecycleHooks.java:137) ~[forge-1.19.2-43.3.5-universal.jar%23664!/:?]
	at net.minecraft.server.MinecraftServer.m_130011_(MinecraftServer.java:690) ~[server-1.19.2-20220805.130853-srg.jar%23659!/:?]
	at net.minecraft.server.MinecraftServer.m_206580_(MinecraftServer.java:244) ~[server-1.19.2-20220805.130853-srg.jar%23659!/:?]
	at java.lang.Thread.run(Thread.java:1583) [?:?]
[12Mar2025 10:08:19.957] [Server thread/ERROR] [fuzs.nightconfigfixes.config.CheckedConfigFileTypeHandler/]: Failed to remove config /home/bryan/Minecraft-Medieval-RPG/config/sophisticatedbackpacks-server.toml from tracker!
java.lang.NullPointerException: Cannot read field "watchedFileCount" because "watchedDir" is null
	at com.electronwill.nightconfig.core.file.FileWatcher.removeWatch(FileWatcher.java:134) ~[core-3.6.4.jar%2356!/:?]
	at fuzs.nightconfigfixes.config.CheckedConfigFileTypeHandler.unload(CheckedConfigFileTypeHandler.java:137) ~[NightConfigFixes-v4.0.7-1.19.2-Forge.jar%23564!/:4.0.7]
	at net.minecraftforge.fml.config.ConfigTracker.closeConfig(ConfigTracker.java:70) ~[fmlcore-1.19.2-43.3.5.jar%23660!/:?]
	at net.minecraftforge.fml.config.ConfigTracker.lambda$unloadConfigs$2(ConfigTracker.java:55) ~[fmlcore-1.19.2-43.3.5.jar%23660!/:?]
	at java.lang.Iterable.forEach(Iterable.java:75) ~[?:?]
	at java.util.Collections$SynchronizedCollection.forEach(Collections.java:2351) ~[?:?]
	at net.minecraftforge.fml.config.ConfigTracker.unloadConfigs(ConfigTracker.java:55) ~[fmlcore-1.19.2-43.3.5.jar%23660!/:?]
	at net.minecraftforge.server.ServerLifecycleHooks.handleServerStopped(ServerLifecycleHooks.java:137) ~[forge-1.19.2-43.3.5-universal.jar%23664!/:?]
	at net.minecraft.server.MinecraftServer.m_130011_(MinecraftServer.java:690) ~[server-1.19.2-20220805.130853-srg.jar%23659!/:?]
	at net.minecraft.server.MinecraftServer.m_206580_(MinecraftServer.java:244) ~[server-1.19.2-20220805.130853-srg.jar%23659!/:?]
	at java.lang.Thread.run(Thread.java:1583) [?:?]
[12Mar2025 10:08:19.958] [Server thread/ERROR] [fuzs.nightconfigfixes.config.CheckedConfigFileTypeHandler/]: Failed to remove config /home/bryan/Minecraft-Medieval-RPG/config/getittogetherdrops-server.toml from tracker!
java.lang.NullPointerException: Cannot read field "watchedFileCount" because "watchedDir" is null
	at com.electronwill.nightconfig.core.file.FileWatcher.removeWatch(FileWatcher.java:134) ~[core-3.6.4.jar%2356!/:?]
	at fuzs.nightconfigfixes.config.CheckedConfigFileTypeHandler.unload(CheckedConfigFileTypeHandler.java:137) ~[NightConfigFixes-v4.0.7-1.19.2-Forge.jar%23564!/:4.0.7]
	at net.minecraftforge.fml.config.ConfigTracker.closeConfig(ConfigTracker.java:70) ~[fmlcore-1.19.2-43.3.5.jar%23660!/:?]
	at net.minecraftforge.fml.config.ConfigTracker.lambda$unloadConfigs$2(ConfigTracker.java:55) ~[fmlcore-1.19.2-43.3.5.jar%23660!/:?]
	at java.lang.Iterable.forEach(Iterable.java:75) ~[?:?]
	at java.util.Collections$SynchronizedCollection.forEach(Collections.java:2351) ~[?:?]
	at net.minecraftforge.fml.config.ConfigTracker.unloadConfigs(ConfigTracker.java:55) ~[fmlcore-1.19.2-43.3.5.jar%23660!/:?]
	at net.minecraftforge.server.ServerLifecycleHooks.handleServerStopped(ServerLifecycleHooks.java:137) ~[forge-1.19.2-43.3.5-universal.jar%23664!/:?]
	at net.minecraft.server.MinecraftServer.m_130011_(MinecraftServer.java:690) ~[server-1.19.2-20220805.130853-srg.jar%23659!/:?]
	at net.minecraft.server.MinecraftServer.m_206580_(MinecraftServer.java:244) ~[server-1.19.2-20220805.130853-srg.jar%23659!/:?]
	at java.lang.Thread.run(Thread.java:1583) [?:?]
[12Mar2025 10:08:19.959] [Server thread/ERROR] [fuzs.nightconfigfixes.config.CheckedConfigFileTypeHandler/]: Failed to remove config /home/bryan/Minecraft-Medieval-RPG/config/aether-server.toml from tracker!
java.lang.NullPointerException: Cannot read field "watchedFileCount" because "watchedDir" is null
	at com.electronwill.nightconfig.core.file.FileWatcher.removeWatch(FileWatcher.java:134) ~[core-3.6.4.jar%2356!/:?]
	at fuzs.nightconfigfixes.config.CheckedConfigFileTypeHandler.unload(CheckedConfigFileTypeHandler.java:137) ~[NightConfigFixes-v4.0.7-1.19.2-Forge.jar%23564!/:4.0.7]
	at net.minecraftforge.fml.config.ConfigTracker.closeConfig(ConfigTracker.java:70) ~[fmlcore-1.19.2-43.3.5.jar%23660!/:?]
	at net.minecraftforge.fml.config.ConfigTracker.lambda$unloadConfigs$2(ConfigTracker.java:55) ~[fmlcore-1.19.2-43.3.5.jar%23660!/:?]
	at java.lang.Iterable.forEach(Iterable.java:75) ~[?:?]
	at java.util.Collections$SynchronizedCollection.forEach(Collections.java:2351) ~[?:?]
	at net.minecraftforge.fml.config.ConfigTracker.unloadConfigs(ConfigTracker.java:55) ~[fmlcore-1.19.2-43.3.5.jar%23660!/:?]
	at net.minecraftforge.server.ServerLifecycleHooks.handleServerStopped(ServerLifecycleHooks.java:137) ~[forge-1.19.2-43.3.5-universal.jar%23664!/:?]
	at net.minecraft.server.MinecraftServer.m_130011_(MinecraftServer.java:690) ~[server-1.19.2-20220805.130853-srg.jar%23659!/:?]
	at net.minecraft.server.MinecraftServer.m_206580_(MinecraftServer.java:244) ~[server-1.19.2-20220805.130853-srg.jar%23659!/:?]
	at java.lang.Thread.run(Thread.java:1583) [?:?]
[12Mar2025 10:08:19.991] [Server thread/ERROR] [fuzs.nightconfigfixes.config.CheckedConfigFileTypeHandler/]: Failed to remove config /home/bryan/Minecraft-Medieval-RPG/config/easy_villagers-server.toml from tracker!
java.lang.NullPointerException: Cannot read field "watchedFileCount" because "watchedDir" is null
	at com.electronwill.nightconfig.core.file.FileWatcher.removeWatch(FileWatcher.java:134) ~[core-3.6.4.jar%2356!/:?]
	at fuzs.nightconfigfixes.config.CheckedConfigFileTypeHandler.unload(CheckedConfigFileTypeHandler.java:137) ~[NightConfigFixes-v4.0.7-1.19.2-Forge.jar%23564!/:4.0.7]
	at net.minecraftforge.fml.config.ConfigTracker.closeConfig(ConfigTracker.java:70) ~[fmlcore-1.19.2-43.3.5.jar%23660!/:?]
	at net.minecraftforge.fml.config.ConfigTracker.lambda$unloadConfigs$2(ConfigTracker.java:55) ~[fmlcore-1.19.2-43.3.5.jar%23660!/:?]
	at java.lang.Iterable.forEach(Iterable.java:75) ~[?:?]
	at java.util.Collections$SynchronizedCollection.forEach(Collections.java:2351) ~[?:?]
	at net.minecraftforge.fml.config.ConfigTracker.unloadConfigs(ConfigTracker.java:55) ~[fmlcore-1.19.2-43.3.5.jar%23660!/:?]
	at net.minecraftforge.server.ServerLifecycleHooks.handleServerStopped(ServerLifecycleHooks.java:137) ~[forge-1.19.2-43.3.5-universal.jar%23664!/:?]
	at net.minecraft.server.MinecraftServer.m_130011_(MinecraftServer.java:690) ~[server-1.19.2-20220805.130853-srg.jar%23659!/:?]
	at net.minecraft.server.MinecraftServer.m_206580_(MinecraftServer.java:244) ~[server-1.19.2-20220805.130853-srg.jar%23659!/:?]
	at java.lang.Thread.run(Thread.java:1583) [?:?]
[12Mar2025 10:08:20.001] [Server thread/ERROR] [fuzs.nightconfigfixes.config.CheckedConfigFileTypeHandler/]: Failed to remove config /home/bryan/Minecraft-Medieval-RPG/config/minecolonies-server.toml from tracker!
java.lang.NullPointerException: Cannot read field "watchedFileCount" because "watchedDir" is null
	at com.electronwill.nightconfig.core.file.FileWatcher.removeWatch(FileWatcher.java:134) ~[core-3.6.4.jar%2356!/:?]
	at fuzs.nightconfigfixes.config.CheckedConfigFileTypeHandler.unload(CheckedConfigFileTypeHandler.java:137) ~[NightConfigFixes-v4.0.7-1.19.2-Forge.jar%23564!/:4.0.7]
	at net.minecraftforge.fml.config.ConfigTracker.closeConfig(ConfigTracker.java:70) ~[fmlcore-1.19.2-43.3.5.jar%23660!/:?]
	at net.minecraftforge.fml.config.ConfigTracker.lambda$unloadConfigs$2(ConfigTracker.java:55) ~[fmlcore-1.19.2-43.3.5.jar%23660!/:?]
	at java.lang.Iterable.forEach(Iterable.java:75) ~[?:?]
	at java.util.Collections$SynchronizedCollection.forEach(Collections.java:2351) ~[?:?]
	at net.minecraftforge.fml.config.ConfigTracker.unloadConfigs(ConfigTracker.java:55) ~[fmlcore-1.19.2-43.3.5.jar%23660!/:?]
	at net.minecraftforge.server.ServerLifecycleHooks.handleServerStopped(ServerLifecycleHooks.java:137) ~[forge-1.19.2-43.3.5-universal.jar%23664!/:?]
	at net.minecraft.server.MinecraftServer.m_130011_(MinecraftServer.java:690) ~[server-1.19.2-20220805.130853-srg.jar%23659!/:?]
	at net.minecraft.server.MinecraftServer.m_206580_(MinecraftServer.java:244) ~[server-1.19.2-20220805.130853-srg.jar%23659!/:?]
	at java.lang.Thread.run(Thread.java:1583) [?:?]
[12Mar2025 10:08:20.003] [Server thread/ERROR] [fuzs.nightconfigfixes.config.CheckedConfigFileTypeHandler/]: Failed to remove config /home/bryan/Minecraft-Medieval-RPG/config/irons_spellbooks-server.toml from tracker!
java.lang.NullPointerException: Cannot read field "watchedFileCount" because "watchedDir" is null
	at com.electronwill.nightconfig.core.file.FileWatcher.removeWatch(FileWatcher.java:134) ~[core-3.6.4.jar%2356!/:?]
	at fuzs.nightconfigfixes.config.CheckedConfigFileTypeHandler.unload(CheckedConfigFileTypeHandler.java:137) ~[NightConfigFixes-v4.0.7-1.19.2-Forge.jar%23564!/:4.0.7]
	at net.minecraftforge.fml.config.ConfigTracker.closeConfig(ConfigTracker.java:70) ~[fmlcore-1.19.2-43.3.5.jar%23660!/:?]
	at net.minecraftforge.fml.config.ConfigTracker.lambda$unloadConfigs$2(ConfigTracker.java:55) ~[fmlcore-1.19.2-43.3.5.jar%23660!/:?]
	at java.lang.Iterable.forEach(Iterable.java:75) ~[?:?]
	at java.util.Collections$SynchronizedCollection.forEach(Collections.java:2351) ~[?:?]
	at net.minecraftforge.fml.config.ConfigTracker.unloadConfigs(ConfigTracker.java:55) ~[fmlcore-1.19.2-43.3.5.jar%23660!/:?]
	at net.minecraftforge.server.ServerLifecycleHooks.handleServerStopped(ServerLifecycleHooks.java:137) ~[forge-1.19.2-43.3.5-universal.jar%23664!/:?]
	at net.minecraft.server.MinecraftServer.m_130011_(MinecraftServer.java:690) ~[server-1.19.2-20220805.130853-srg.jar%23659!/:?]
	at net.minecraft.server.MinecraftServer.m_206580_(MinecraftServer.java:244) ~[server-1.19.2-20220805.130853-srg.jar%23659!/:?]
	at java.lang.Thread.run(Thread.java:1583) [?:?]
